<?xml version="1.0" encoding="UTF-8"?>
<testsuite xmlns:xsi="http://www.w3.org/2001/XMLSchema-instance" xsi:noNamespaceSchemaLocation="https://maven.apache.org/surefire/maven-surefire-plugin/xsd/surefire-test-report-3.0.xsd" version="3.0" name="com.electrowaveselectronics.inventorymanagement.InventorymanagementApplicationTests" time="9.343" tests="1" errors="0" skipped="0" failures="0">
  <properties>
[...]
</properties>
  <testcase name="contextLoads" classname="com.electrowaveselectronics.inventorymanagement.InventorymanagementApplicationTests" time="0.614">
    <system-out><![CDATA[12:51:36.765 [main] INFO org.springframework.test.context.support.AnnotationConfigContextLoaderUtils -- Could not detect default configuration classes for test class [com.electrowaveselectronics.inventorymanagement.InventorymanagementApplicationTests]: InventorymanagementApplicationTests does not declare any static, non-private, non-final, nested classes annotated with @Configuration.
12:51:36.995 [main] INFO org.springframework.boot.test.context.SpringBootTestContextBootstrapper -- Found @SpringBootConfiguration com.electrowaveselectronics.inventorymanagement.InventorymanagementApplication for test class com.electrowaveselectronics.inventorymanagement.InventorymanagementApplicationTests
12:51:37.366 [main] INFO org.springframework.boot.devtools.restart.RestartApplicationListener -- Restart disabled due to context in which it is running
2024-02-01T12:51:37.702+05:30  INFO 9424 --- [           main] .e.i.InventorymanagementApplicationTests : Starting InventorymanagementApplicationTests using Java 17.0.10 with PID 9424 (started by HP in D:\programming\spring\Project\ims)
2024-02-01T12:51:37.705+05:30 DEBUG 9424 --- [           main] .e.i.InventorymanagementApplicationTests : Running with Spring Boot v3.2.1, Spring v6.1.2
2024-02-01T12:51:37.706+05:30  INFO 9424 --- [           main] .e.i.InventorymanagementApplicationTests : No active profile set, falling back to 1 default profile: "default"
2024-02-01T12:51:37.707+05:30 DEBUG 9424 --- [           main] o.s.boot.SpringApplication               : Loading source class com.electrowaveselectronics.inventorymanagement.InventorymanagementApplication
2024-02-01T12:51:37.774+05:30 DEBUG 9424 --- [           main] o.s.w.c.s.GenericWebApplicationContext   : Refreshing org.springframework.web.context.support.GenericWebApplicationContext@4cc61eb1
2024-02-01T12:51:37.810+05:30 DEBUG 9424 --- [           main] o.s.b.f.s.DefaultListableBeanFactory     : Creating shared instance of singleton bean 'org.springframework.context.annotation.internalConfigurationAnnotationProcessor'
2024-02-01T12:51:37.834+05:30 DEBUG 9424 --- [           main] o.s.b.f.s.DefaultListableBeanFactory     : Creating shared instance of singleton bean 'org.springframework.boot.autoconfigure.internalCachingMetadataReaderFactory'
2024-02-01T12:51:38.015+05:30 DEBUG 9424 --- [           main] o.s.c.a.ClassPathBeanDefinitionScanner   : Identified candidate component class: file [D:\programming\spring\Project\ims\target\classes\com\electrowaveselectronics\inventorymanagement\controller\CustomerController.class]
2024-02-01T12:51:38.018+05:30 DEBUG 9424 --- [           main] o.s.c.a.ClassPathBeanDefinitionScanner   : Identified candidate component class: file [D:\programming\spring\Project\ims\target\classes\com\electrowaveselectronics\inventorymanagement\controller\DeliveryOrderController.class]
2024-02-01T12:51:38.032+05:30 DEBUG 9424 --- [           main] o.s.c.a.ClassPathBeanDefinitionScanner   : Identified candidate component class: file [D:\programming\spring\Project\ims\target\classes\com\electrowaveselectronics\inventorymanagement\controller\GodownController.class]
2024-02-01T12:51:38.033+05:30 DEBUG 9424 --- [           main] o.s.c.a.ClassPathBeanDefinitionScanner   : Identified candidate component class: file [D:\programming\spring\Project\ims\target\classes\com\electrowaveselectronics\inventorymanagement\controller\GodownHeadController.class]
2024-02-01T12:51:38.034+05:30 DEBUG 9424 --- [           main] o.s.c.a.ClassPathBeanDefinitionScanner   : Identified candidate component class: file [D:\programming\spring\Project\ims\target\classes\com\electrowaveselectronics\inventorymanagement\controller\ProductController.class]
2024-02-01T12:51:38.036+05:30 DEBUG 9424 --- [           main] o.s.c.a.ClassPathBeanDefinitionScanner   : Identified candidate component class: file [D:\programming\spring\Project\ims\target\classes\com\electrowaveselectronics\inventorymanagement\controller\PurchaseOrderRestController.class]
2024-02-01T12:51:38.038+05:30 DEBUG 9424 --- [           main] o.s.c.a.ClassPathBeanDefinitionScanner   : Identified candidate component class: file [D:\programming\spring\Project\ims\target\classes\com\electrowaveselectronics\inventorymanagement\controller\SupplierRestController.class]
2024-02-01T12:51:38.050+05:30 DEBUG 9424 --- [           main] o.s.c.a.ClassPathBeanDefinitionScanner   : Ignored because not a concrete top-level class: file [D:\programming\spring\Project\ims\target\classes\com\electrowaveselectronics\inventorymanagement\repository\DeliveryRepository.class]
2024-02-01T12:51:38.141+05:30 DEBUG 9424 --- [           main] o.s.c.a.ClassPathBeanDefinitionScanner   : Ignored because not a concrete top-level class: file [D:\programming\spring\Project\ims\target\classes\com\electrowaveselectronics\inventorymanagement\repository\ProductRepository.class]
2024-02-01T12:51:38.158+05:30 DEBUG 9424 --- [           main] o.s.c.a.ClassPathBeanDefinitionScanner   : Identified candidate component class: file [D:\programming\spring\Project\ims\target\classes\com\electrowaveselectronics\inventorymanagement\service\CustomerService.class]
2024-02-01T12:51:38.160+05:30 DEBUG 9424 --- [           main] o.s.c.a.ClassPathBeanDefinitionScanner   : Identified candidate component class: file [D:\programming\spring\Project\ims\target\classes\com\electrowaveselectronics\inventorymanagement\service\DeliveryOrderService.class]
2024-02-01T12:51:38.162+05:30 DEBUG 9424 --- [           main] o.s.c.a.ClassPathBeanDefinitionScanner   : Identified candidate component class: file [D:\programming\spring\Project\ims\target\classes\com\electrowaveselectronics\inventorymanagement\service\GodownHeadService.class]
2024-02-01T12:51:38.164+05:30 DEBUG 9424 --- [           main] o.s.c.a.ClassPathBeanDefinitionScanner   : Identified candidate component class: file [D:\programming\spring\Project\ims\target\classes\com\electrowaveselectronics\inventorymanagement\service\GodownService.class]
2024-02-01T12:51:38.165+05:30 DEBUG 9424 --- [           main] o.s.c.a.ClassPathBeanDefinitionScanner   : Identified candidate component class: file [D:\programming\spring\Project\ims\target\classes\com\electrowaveselectronics\inventorymanagement\service\ProductService.class]
2024-02-01T12:51:38.166+05:30 DEBUG 9424 --- [           main] o.s.c.a.ClassPathBeanDefinitionScanner   : Identified candidate component class: file [D:\programming\spring\Project\ims\target\classes\com\electrowaveselectronics\inventorymanagement\service\PurchaseOrderService.class]
2024-02-01T12:51:38.167+05:30 DEBUG 9424 --- [           main] o.s.c.a.ClassPathBeanDefinitionScanner   : Identified candidate component class: file [D:\programming\spring\Project\ims\target\classes\com\electrowaveselectronics\inventorymanagement\service\SupplierService.class]
2024-02-01T12:51:38.768+05:30  INFO 9424 --- [           main] .s.d.r.c.RepositoryConfigurationDelegate : Bootstrapping Spring Data JPA repositories in DEFAULT mode.
2024-02-01T12:51:38.775+05:30 DEBUG 9424 --- [           main] .s.d.r.c.RepositoryConfigurationDelegate : Scanning for JPA repositories in packages com.electrowaveselectronics.inventorymanagement.repository.
2024-02-01T12:51:38.782+05:30 DEBUG 9424 --- [           main] o.s.d.r.c.RepositoryComponentProvider    : Identified candidate component class: file [D:\programming\spring\Project\ims\target\classes\com\electrowaveselectronics\inventorymanagement\repository\CustomerRepository.class]
2024-02-01T12:51:38.782+05:30 DEBUG 9424 --- [           main] o.s.d.r.c.RepositoryComponentProvider    : Identified candidate component class: file [D:\programming\spring\Project\ims\target\classes\com\electrowaveselectronics\inventorymanagement\repository\DeliveryRepository.class]
2024-02-01T12:51:38.782+05:30 DEBUG 9424 --- [           main] o.s.d.r.c.RepositoryComponentProvider    : Identified candidate component class: file [D:\programming\spring\Project\ims\target\classes\com\electrowaveselectronics\inventorymanagement\repository\GodownHeadRepository.class]
2024-02-01T12:51:38.782+05:30 DEBUG 9424 --- [           main] o.s.d.r.c.RepositoryComponentProvider    : Identified candidate component class: file [D:\programming\spring\Project\ims\target\classes\com\electrowaveselectronics\inventorymanagement\repository\GodownRepository.class]
2024-02-01T12:51:38.782+05:30 DEBUG 9424 --- [           main] o.s.d.r.c.RepositoryComponentProvider    : Identified candidate component class: file [D:\programming\spring\Project\ims\target\classes\com\electrowaveselectronics\inventorymanagement\repository\ProductRepository.class]
2024-02-01T12:51:38.783+05:30 DEBUG 9424 --- [           main] o.s.d.r.c.RepositoryComponentProvider    : Identified candidate component class: file [D:\programming\spring\Project\ims\target\classes\com\electrowaveselectronics\inventorymanagement\repository\PurchaseOrderRepository.class]
2024-02-01T12:51:38.783+05:30 DEBUG 9424 --- [           main] o.s.d.r.c.RepositoryComponentProvider    : Identified candidate component class: file [D:\programming\spring\Project\ims\target\classes\com\electrowaveselectronics\inventorymanagement\repository\SupplierRepository.class]
2024-02-01T12:51:38.824+05:30  INFO 9424 --- [           main] .s.d.r.c.RepositoryConfigurationDelegate : Finished Spring Data repository scanning in 48 ms. Found 7 JPA repository interfaces.
2024-02-01T12:51:39.332+05:30 DEBUG 9424 --- [           main] o.s.b.f.s.DefaultListableBeanFactory     : Creating shared instance of singleton bean 'propertySourcesPlaceholderConfigurer'
2024-02-01T12:51:39.338+05:30 DEBUG 9424 --- [           main] o.s.b.f.s.DefaultListableBeanFactory     : Creating shared instance of singleton bean 'org.springframework.boot.test.mock.mockito.MockitoPostProcessor'
2024-02-01T12:51:39.345+05:30 DEBUG 9424 --- [           main] o.s.b.f.s.DefaultListableBeanFactory     : Creating shared instance of singleton bean 'emBeanDefinitionRegistrarPostProcessor'
2024-02-01T12:51:39.346+05:30 DEBUG 9424 --- [           main] o.s.b.f.s.DefaultListableBeanFactory     : Creating shared instance of singleton bean 'org.springframework.boot.sql.init.dependency.DatabaseInitializationDependencyConfigurer$DependsOnDatabaseInitializationPostProcessor'
2024-02-01T12:51:39.415+05:30 DEBUG 9424 --- [           main] o.s.b.f.s.DefaultListableBeanFactory     : Creating shared instance of singleton bean 'org.springframework.context.event.internalEventListenerProcessor'
2024-02-01T12:51:39.417+05:30 DEBUG 9424 --- [           main] o.s.b.f.s.DefaultListableBeanFactory     : Creating shared instance of singleton bean 'preserveErrorControllerTargetClassPostProcessor'
2024-02-01T12:51:39.420+05:30 DEBUG 9424 --- [           main] o.s.b.f.s.DefaultListableBeanFactory     : Creating shared instance of singleton bean 'org.springframework.context.event.internalEventListenerFactory'
2024-02-01T12:51:39.421+05:30 DEBUG 9424 --- [           main] o.s.b.f.s.DefaultListableBeanFactory     : Creating shared instance of singleton bean 'org.springframework.transaction.config.internalTransactionalEventListenerFactory'
2024-02-01T12:51:39.429+05:30 DEBUG 9424 --- [           main] o.s.b.f.s.DefaultListableBeanFactory     : Creating shared instance of singleton bean 'org.springframework.boot.test.mock.mockito.MockitoPostProcessor$SpyPostProcessor'
2024-02-01T12:51:39.430+05:30 DEBUG 9424 --- [           main] o.s.b.f.s.DefaultListableBeanFactory     : Creating shared instance of singleton bean 'org.springframework.context.annotation.internalAutowiredAnnotationProcessor'
2024-02-01T12:51:39.432+05:30 DEBUG 9424 --- [           main] o.s.b.f.s.DefaultListableBeanFactory     : Creating shared instance of singleton bean 'org.springframework.context.annotation.internalCommonAnnotationProcessor'
2024-02-01T12:51:39.436+05:30 DEBUG 9424 --- [           main] o.s.b.f.s.DefaultListableBeanFactory     : Creating shared instance of singleton bean 'org.springframework.context.annotation.internalPersistenceAnnotationProcessor'
2024-02-01T12:51:39.437+05:30 DEBUG 9424 --- [           main] o.s.b.f.s.DefaultListableBeanFactory     : Creating shared instance of singleton bean 'org.springframework.boot.context.properties.ConfigurationPropertiesBindingPostProcessor'
2024-02-01T12:51:39.438+05:30 DEBUG 9424 --- [           main] o.s.b.f.s.DefaultListableBeanFactory     : Creating shared instance of singleton bean 'org.springframework.boot.context.internalConfigurationPropertiesBinder'
2024-02-01T12:51:39.443+05:30 DEBUG 9424 --- [           main] o.s.b.f.s.DefaultListableBeanFactory     : Creating shared instance of singleton bean 'jdbcConnectionDetailsHikariBeanPostProcessor'
2024-02-01T12:51:39.448+05:30 DEBUG 9424 --- [           main] o.s.b.f.s.DefaultListableBeanFactory     : Creating shared instance of singleton bean 'org.springframework.aop.config.internalAutoProxyCreator'
2024-02-01T12:51:39.479+05:30 DEBUG 9424 --- [           main] o.s.b.f.s.DefaultListableBeanFactory     : Creating shared instance of singleton bean 'persistenceExceptionTranslationPostProcessor'
2024-02-01T12:51:39.497+05:30 DEBUG 9424 --- [           main] o.s.b.f.s.DefaultListableBeanFactory     : Autowiring by type from bean name 'persistenceExceptionTranslationPostProcessor' via factory method to bean named 'environment'
2024-02-01T12:51:39.503+05:30 DEBUG 9424 --- [           main] o.s.b.f.s.DefaultListableBeanFactory     : Creating shared instance of singleton bean 'webServerFactoryCustomizerBeanPostProcessor'
2024-02-01T12:51:39.504+05:30 DEBUG 9424 --- [           main] o.s.b.f.s.DefaultListableBeanFactory     : Creating shared instance of singleton bean 'errorPageRegistrarBeanPostProcessor'
2024-02-01T12:51:39.505+05:30 DEBUG 9424 --- [           main] o.s.b.f.s.DefaultListableBeanFactory     : Creating shared instance of singleton bean 'projectingArgumentResolverBeanPostProcessor'
2024-02-01T12:51:39.506+05:30 DEBUG 9424 --- [           main] o.s.b.f.s.DefaultListableBeanFactory     : Creating shared instance of singleton bean 'org.springframework.transaction.config.internalTransactionAdvisor'
2024-02-01T12:51:39.507+05:30 DEBUG 9424 --- [           main] o.s.b.f.s.DefaultListableBeanFactory     : Creating shared instance of singleton bean 'org.springframework.transaction.annotation.ProxyTransactionManagementConfiguration'
2024-02-01T12:51:39.520+05:30 DEBUG 9424 --- [           main] o.s.b.f.s.DefaultListableBeanFactory     : Creating shared instance of singleton bean 'transactionAttributeSource'
2024-02-01T12:51:39.522+05:30 DEBUG 9424 --- [           main] o.s.b.f.s.DefaultListableBeanFactory     : Creating shared instance of singleton bean 'transactionInterceptor'
2024-02-01T12:51:39.523+05:30 DEBUG 9424 --- [           main] o.s.b.f.s.DefaultListableBeanFactory     : Autowiring by type from bean name 'transactionInterceptor' via factory method to bean named 'transactionAttributeSource'
2024-02-01T12:51:39.530+05:30 DEBUG 9424 --- [           main] o.s.b.f.s.DefaultListableBeanFactory     : Autowiring by type from bean name 'org.springframework.transaction.config.internalTransactionAdvisor' via factory method to bean named 'transactionAttributeSource'
2024-02-01T12:51:39.531+05:30 DEBUG 9424 --- [           main] o.s.b.f.s.DefaultListableBeanFactory     : Autowiring by type from bean name 'org.springframework.transaction.config.internalTransactionAdvisor' via factory method to bean named 'transactionInterceptor'
2024-02-01T12:51:39.576+05:30 DEBUG 9424 --- [           main] o.s.u.c.s.UiApplicationContextUtils      : Unable to locate ThemeSource with name 'themeSource': using default [org.springframework.ui.context.support.ResourceBundleThemeSource@1015a4b9]
2024-02-01T12:51:39.580+05:30 DEBUG 9424 --- [           main] o.s.b.f.s.DefaultListableBeanFactory     : Creating shared instance of singleton bean 'dataSourceScriptDatabaseInitializer'
2024-02-01T12:51:39.580+05:30 DEBUG 9424 --- [           main] o.s.b.f.s.DefaultListableBeanFactory     : Creating shared instance of singleton bean 'org.springframework.boot.autoconfigure.sql.init.DataSourceInitializationConfiguration'
2024-02-01T12:51:39.587+05:30 DEBUG 9424 --- [           main] o.s.b.f.s.DefaultListableBeanFactory     : Creating shared instance of singleton bean 'dataSource'
2024-02-01T12:51:39.588+05:30 DEBUG 9424 --- [           main] o.s.b.f.s.DefaultListableBeanFactory     : Creating shared instance of singleton bean 'org.springframework.boot.autoconfigure.jdbc.DataSourceConfiguration$Hikari'
2024-02-01T12:51:39.590+05:30 DEBUG 9424 --- [           main] o.s.b.f.s.DefaultListableBeanFactory     : Creating shared instance of singleton bean 'spring.datasource-org.springframework.boot.autoconfigure.jdbc.DataSourceProperties'
2024-02-01T12:51:39.597+05:30 DEBUG 9424 --- [           main] o.s.b.f.s.DefaultListableBeanFactory     : Creating shared instance of singleton bean 'org.springframework.boot.context.properties.BoundConfigurationProperties'
2024-02-01T12:51:39.638+05:30 DEBUG 9424 --- [           main] o.s.b.f.s.DefaultListableBeanFactory     : Creating shared instance of singleton bean 'jdbcConnectionDetails'
2024-02-01T12:51:39.639+05:30 DEBUG 9424 --- [           main] o.s.b.f.s.DefaultListableBeanFactory     : Creating shared instance of singleton bean 'org.springframework.boot.autoconfigure.jdbc.DataSourceAutoConfiguration$PooledDataSourceConfiguration'
2024-02-01T12:51:39.642+05:30 DEBUG 9424 --- [           main] o.s.b.f.s.DefaultListableBeanFactory     : Autowiring by type from bean name 'jdbcConnectionDetails' via factory method to bean named 'spring.datasource-org.springframework.boot.autoconfigure.jdbc.DataSourceProperties'
2024-02-01T12:51:39.647+05:30 DEBUG 9424 --- [           main] o.s.b.f.s.DefaultListableBeanFactory     : Autowiring by type from bean name 'dataSource' via factory method to bean named 'spring.datasource-org.springframework.boot.autoconfigure.jdbc.DataSourceProperties'
2024-02-01T12:51:39.647+05:30 DEBUG 9424 --- [           main] o.s.b.f.s.DefaultListableBeanFactory     : Autowiring by type from bean name 'dataSource' via factory method to bean named 'jdbcConnectionDetails'
2024-02-01T12:51:39.651+05:30 DEBUG 9424 --- [           main] com.zaxxer.hikari.HikariConfig           : Driver class com.mysql.cj.jdbc.Driver found in Thread context class loader jdk.internal.loader.ClassLoaders$AppClassLoader@c387f44
2024-02-01T12:51:39.680+05:30 DEBUG 9424 --- [           main] o.s.b.f.s.DefaultListableBeanFactory     : Creating shared instance of singleton bean 'spring.sql.init-org.springframework.boot.autoconfigure.sql.init.SqlInitializationProperties'
2024-02-01T12:51:39.683+05:30 DEBUG 9424 --- [           main] o.s.b.f.s.DefaultListableBeanFactory     : Autowiring by type from bean name 'dataSourceScriptDatabaseInitializer' via factory method to bean named 'dataSource'
2024-02-01T12:51:39.684+05:30 DEBUG 9424 --- [           main] o.s.b.f.s.DefaultListableBeanFactory     : Autowiring by type from bean name 'dataSourceScriptDatabaseInitializer' via factory method to bean named 'spring.sql.init-org.springframework.boot.autoconfigure.sql.init.SqlInitializationProperties'
2024-02-01T12:51:39.690+05:30 DEBUG 9424 --- [           main] o.s.b.f.s.DefaultListableBeanFactory     : Creating shared instance of singleton bean 'entityManagerFactory'
2024-02-01T12:51:39.691+05:30 DEBUG 9424 --- [           main] o.s.b.f.s.DefaultListableBeanFactory     : Creating shared instance of singleton bean 'org.springframework.boot.autoconfigure.orm.jpa.HibernateJpaConfiguration'
2024-02-01T12:51:39.692+05:30 DEBUG 9424 --- [           main] o.s.b.f.s.DefaultListableBeanFactory     : Creating shared instance of singleton bean 'spring.jpa-org.springframework.boot.autoconfigure.orm.jpa.JpaProperties'
2024-02-01T12:51:39.697+05:30 DEBUG 9424 --- [           main] o.s.b.f.s.DefaultListableBeanFactory     : Creating shared instance of singleton bean 'spring.jpa.hibernate-org.springframework.boot.autoconfigure.orm.jpa.HibernateProperties'
2024-02-01T12:51:39.699+05:30 DEBUG 9424 --- [           main] o.s.b.f.s.DefaultListableBeanFactory     : Autowiring by type from bean name 'org.springframework.boot.autoconfigure.orm.jpa.HibernateJpaConfiguration' via constructor to bean named 'dataSource'
2024-02-01T12:51:39.699+05:30 DEBUG 9424 --- [           main] o.s.b.f.s.DefaultListableBeanFactory     : Autowiring by type from bean name 'org.springframework.boot.autoconfigure.orm.jpa.HibernateJpaConfiguration' via constructor to bean named 'spring.jpa-org.springframework.boot.autoconfigure.orm.jpa.JpaProperties'
2024-02-01T12:51:39.699+05:30 DEBUG 9424 --- [           main] o.s.b.f.s.DefaultListableBeanFactory     : Autowiring by type from bean name 'org.springframework.boot.autoconfigure.orm.jpa.HibernateJpaConfiguration' via constructor to bean named 'org.springframework.beans.factory.support.DefaultListableBeanFactory@ba1f559'
2024-02-01T12:51:39.699+05:30 DEBUG 9424 --- [           main] o.s.b.f.s.DefaultListableBeanFactory     : Autowiring by type from bean name 'org.springframework.boot.autoconfigure.orm.jpa.HibernateJpaConfiguration' via constructor to bean named 'spring.jpa.hibernate-org.springframework.boot.autoconfigure.orm.jpa.HibernateProperties'
2024-02-01T12:51:39.701+05:30 DEBUG 9424 --- [           main] o.s.b.f.s.DefaultListableBeanFactory     : Creating shared instance of singleton bean 'hikariPoolDataSourceMetadataProvider'
2024-02-01T12:51:39.702+05:30 DEBUG 9424 --- [           main] o.s.b.f.s.DefaultListableBeanFactory     : Creating shared instance of singleton bean 'org.springframework.boot.autoconfigure.jdbc.metadata.DataSourcePoolMetadataProvidersConfiguration$HikariPoolDataSourceMetadataProviderConfiguration'
2024-02-01T12:51:39.709+05:30 DEBUG 9424 --- [           main] o.s.b.f.s.DefaultListableBeanFactory     : Creating shared instance of singleton bean 'entityManagerFactoryBuilder'
2024-02-01T12:51:39.710+05:30 DEBUG 9424 --- [           main] o.s.b.f.s.DefaultListableBeanFactory     : Creating shared instance of singleton bean 'jpaVendorAdapter'
2024-02-01T12:51:39.728+05:30 DEBUG 9424 --- [           main] org.jboss.logging                        : Logging Provider: org.jboss.logging.Slf4jLoggerProvider found via system property
2024-02-01T12:51:39.734+05:30 DEBUG 9424 --- [           main] o.s.b.f.s.DefaultListableBeanFactory     : Autowiring by type from bean name 'entityManagerFactoryBuilder' via factory method to bean named 'jpaVendorAdapter'
2024-02-01T12:51:39.738+05:30 DEBUG 9424 --- [           main] o.s.b.f.s.DefaultListableBeanFactory     : Creating shared instance of singleton bean 'persistenceManagedTypes'
2024-02-01T12:51:39.739+05:30 DEBUG 9424 --- [           main] o.s.b.f.s.DefaultListableBeanFactory     : Autowiring by type from bean name 'persistenceManagedTypes' via factory method to bean named 'org.springframework.beans.factory.support.DefaultListableBeanFactory@ba1f559'
2024-02-01T12:51:39.739+05:30 DEBUG 9424 --- [           main] o.s.b.f.s.DefaultListableBeanFactory     : Autowiring by type from bean name 'persistenceManagedTypes' via factory method to bean named 'org.springframework.web.context.support.GenericWebApplicationContext@4cc61eb1'
2024-02-01T12:51:39.739+05:30 DEBUG 9424 --- [           main] o.s.b.f.s.DefaultListableBeanFactory     : Creating shared instance of singleton bean 'org.springframework.boot.autoconfigure.domain.EntityScanPackages'
2024-02-01T12:51:39.745+05:30 DEBUG 9424 --- [           main] o.s.b.f.s.DefaultListableBeanFactory     : Autowiring by type from bean name 'entityManagerFactory' via factory method to bean named 'entityManagerFactoryBuilder'
2024-02-01T12:51:39.747+05:30 DEBUG 9424 --- [           main] o.s.b.f.s.DefaultListableBeanFactory     : Autowiring by type from bean name 'entityManagerFactory' via factory method to bean named 'persistenceManagedTypes'
2024-02-01T12:51:39.768+05:30 DEBUG 9424 --- [           main] j.LocalContainerEntityManagerFactoryBean : Building JPA container EntityManagerFactory for persistence unit 'default'
2024-02-01T12:51:39.819+05:30 DEBUG 9424 --- [           main] o.hibernate.jpa.internal.util.LogHelper  : PersistenceUnitInfo [
	name: default
	persistence provider classname: null
	classloader: jdk.internal.loader.ClassLoaders$AppClassLoader@c387f44
	excludeUnlistedClasses: true
	JTA datasource: null
	Non JTA datasource: HikariDataSource (null)
	Transaction type: RESOURCE_LOCAL
	PU root URL: file:/D:/programming/spring/Project/ims/target/test-classes/
	Shared Cache Mode: UNSPECIFIED
	Validation Mode: AUTO
	Jar files URLs []
	Managed classes names [
		com.electrowaveselectronics.inventorymanagement.entity.Customer
		com.electrowaveselectronics.inventorymanagement.entity.DeliveryOrder
		com.electrowaveselectronics.inventorymanagement.entity.Godown
		com.electrowaveselectronics.inventorymanagement.entity.GodownHead
		com.electrowaveselectronics.inventorymanagement.entity.Product
		com.electrowaveselectronics.inventorymanagement.entity.PurchaseOrder
		com.electrowaveselectronics.inventorymanagement.entity.Supplier]
	Mapping files names []
	Properties []
2024-02-01T12:51:39.880+05:30 DEBUG 9424 --- [           main] o.h.i.internal.IntegratorServiceImpl     : Adding Integrator [org.hibernate.boot.beanvalidation.BeanValidationIntegrator].
2024-02-01T12:51:39.885+05:30 DEBUG 9424 --- [           main] o.h.i.internal.IntegratorServiceImpl     : Adding Integrator [org.hibernate.cache.internal.CollectionCacheInvalidator].
2024-02-01T12:51:39.982+05:30  INFO 9424 --- [           main] org.hibernate.Version                    : HHH000412: Hibernate ORM core version 6.4.1.Final
2024-02-01T12:51:39.984+05:30 DEBUG 9424 --- [           main] org.hibernate.cfg.Environment            : HHH000206: 'hibernate.properties' not found
2024-02-01T12:51:40.016+05:30 DEBUG 9424 --- [           main] org.hibernate.orm.idgen.factory          : Registering IdentifierGenerator strategy [uuid2] -> [org.hibernate.id.UUIDGenerator]
2024-02-01T12:51:40.016+05:30 DEBUG 9424 --- [           main] org.hibernate.orm.idgen.factory          : Registering IdentifierGenerator strategy [guid] -> [org.hibernate.id.GUIDGenerator]
2024-02-01T12:51:40.017+05:30 DEBUG 9424 --- [           main] org.hibernate.orm.idgen.factory          : Registering IdentifierGenerator strategy [uuid] -> [org.hibernate.id.UUIDHexGenerator]
2024-02-01T12:51:40.017+05:30 DEBUG 9424 --- [           main] org.hibernate.orm.idgen.factory          : Registering IdentifierGenerator strategy [uuid.hex] -> [org.hibernate.id.UUIDHexGenerator]
2024-02-01T12:51:40.017+05:30 DEBUG 9424 --- [           main] org.hibernate.orm.idgen.factory          : Registering IdentifierGenerator strategy [assigned] -> [org.hibernate.id.Assigned]
2024-02-01T12:51:40.019+05:30 DEBUG 9424 --- [           main] org.hibernate.orm.idgen.factory          : Registering IdentifierGenerator strategy [identity] -> [org.hibernate.id.IdentityGenerator]
2024-02-01T12:51:40.019+05:30 DEBUG 9424 --- [           main] org.hibernate.orm.idgen.factory          : Registering IdentifierGenerator strategy [select] -> [org.hibernate.id.SelectGenerator]
2024-02-01T12:51:40.020+05:30 DEBUG 9424 --- [           main] org.hibernate.orm.idgen.factory          : Registering IdentifierGenerator strategy [sequence] -> [org.hibernate.id.enhanced.SequenceStyleGenerator]
2024-02-01T12:51:40.020+05:30 DEBUG 9424 --- [           main] org.hibernate.orm.idgen.factory          : Registering IdentifierGenerator strategy [increment] -> [org.hibernate.id.IncrementGenerator]
2024-02-01T12:51:40.020+05:30 DEBUG 9424 --- [           main] org.hibernate.orm.idgen.factory          : Registering IdentifierGenerator strategy [foreign] -> [org.hibernate.id.ForeignGenerator]
2024-02-01T12:51:40.020+05:30 DEBUG 9424 --- [           main] org.hibernate.orm.idgen.factory          : Registering IdentifierGenerator strategy [enhanced-sequence] -> [org.hibernate.id.enhanced.SequenceStyleGenerator]
2024-02-01T12:51:40.021+05:30 DEBUG 9424 --- [           main] org.hibernate.orm.idgen.factory          : Registering IdentifierGenerator strategy [enhanced-table] -> [org.hibernate.id.enhanced.TableGenerator]
2024-02-01T12:51:40.030+05:30 DEBUG 9424 --- [           main] o.h.c.internal.RegionFactoryInitiator    : Cannot default RegionFactory based on registered strategies as `[]` RegionFactory strategies were registered
2024-02-01T12:51:40.031+05:30  INFO 9424 --- [           main] o.h.c.internal.RegionFactoryInitiator    : HHH000026: Second-level cache disabled
2024-02-01T12:51:40.171+05:30 DEBUG 9424 --- [           main] org.hibernate.type.BasicTypeRegistry     : Adding type registration boolean -> org.hibernate.type.BasicTypeReference@ccd341d
2024-02-01T12:51:40.171+05:30 DEBUG 9424 --- [           main] org.hibernate.type.BasicTypeRegistry     : Adding type registration boolean -> org.hibernate.type.BasicTypeReference@ccd341d
2024-02-01T12:51:40.171+05:30 DEBUG 9424 --- [           main] org.hibernate.type.BasicTypeRegistry     : Adding type registration java.lang.Boolean -> org.hibernate.type.BasicTypeReference@ccd341d
2024-02-01T12:51:40.171+05:30 DEBUG 9424 --- [           main] org.hibernate.type.BasicTypeRegistry     : Adding type registration numeric_boolean -> org.hibernate.type.BasicTypeReference@4f1fb828
2024-02-01T12:51:40.171+05:30 DEBUG 9424 --- [           main] org.hibernate.type.BasicTypeRegistry     : Adding type registration org.hibernate.type.NumericBooleanConverter -> org.hibernate.type.BasicTypeReference@4f1fb828
2024-02-01T12:51:40.171+05:30 DEBUG 9424 --- [           main] org.hibernate.type.BasicTypeRegistry     : Adding type registration true_false -> org.hibernate.type.BasicTypeReference@6ee5f485
2024-02-01T12:51:40.172+05:30 DEBUG 9424 --- [           main] org.hibernate.type.BasicTypeRegistry     : Adding type registration org.hibernate.type.TrueFalseConverter -> org.hibernate.type.BasicTypeReference@6ee5f485
2024-02-01T12:51:40.172+05:30 DEBUG 9424 --- [           main] org.hibernate.type.BasicTypeRegistry     : Adding type registration yes_no -> org.hibernate.type.BasicTypeReference@20d19f2c
2024-02-01T12:51:40.172+05:30 DEBUG 9424 --- [           main] org.hibernate.type.BasicTypeRegistry     : Adding type registration org.hibernate.type.YesNoConverter -> org.hibernate.type.BasicTypeReference@20d19f2c
2024-02-01T12:51:40.172+05:30 DEBUG 9424 --- [           main] org.hibernate.type.BasicTypeRegistry     : Adding type registration byte -> org.hibernate.type.BasicTypeReference@45592af7
2024-02-01T12:51:40.172+05:30 DEBUG 9424 --- [           main] org.hibernate.type.BasicTypeRegistry     : Adding type registration byte -> org.hibernate.type.BasicTypeReference@45592af7
2024-02-01T12:51:40.172+05:30 DEBUG 9424 --- [           main] org.hibernate.type.BasicTypeRegistry     : Adding type registration java.lang.Byte -> org.hibernate.type.BasicTypeReference@45592af7
2024-02-01T12:51:40.172+05:30 DEBUG 9424 --- [           main] org.hibernate.type.BasicTypeRegistry     : Adding type registration binary -> org.hibernate.type.BasicTypeReference@77b5148c
2024-02-01T12:51:40.172+05:30 DEBUG 9424 --- [           main] org.hibernate.type.BasicTypeRegistry     : Adding type registration byte[] -> org.hibernate.type.BasicTypeReference@77b5148c
2024-02-01T12:51:40.173+05:30 DEBUG 9424 --- [           main] org.hibernate.type.BasicTypeRegistry     : Adding type registration [B -> org.hibernate.type.BasicTypeReference@77b5148c
2024-02-01T12:51:40.173+05:30 DEBUG 9424 --- [           main] org.hibernate.type.BasicTypeRegistry     : Adding type registration binary_wrapper -> org.hibernate.type.BasicTypeReference@36359723
2024-02-01T12:51:40.173+05:30 DEBUG 9424 --- [           main] org.hibernate.type.BasicTypeRegistry     : Adding type registration wrapper-binary -> org.hibernate.type.BasicTypeReference@36359723
2024-02-01T12:51:40.173+05:30 DEBUG 9424 --- [           main] org.hibernate.type.BasicTypeRegistry     : Adding type registration image -> org.hibernate.type.BasicTypeReference@1ab14636
2024-02-01T12:51:40.173+05:30 DEBUG 9424 --- [           main] org.hibernate.type.BasicTypeRegistry     : Adding type registration blob -> org.hibernate.type.BasicTypeReference@16b3c905
2024-02-01T12:51:40.173+05:30 DEBUG 9424 --- [           main] org.hibernate.type.BasicTypeRegistry     : Adding type registration java.sql.Blob -> org.hibernate.type.BasicTypeReference@16b3c905
2024-02-01T12:51:40.173+05:30 DEBUG 9424 --- [           main] org.hibernate.type.BasicTypeRegistry     : Adding type registration materialized_blob -> org.hibernate.type.BasicTypeReference@49fdbe2b
2024-02-01T12:51:40.173+05:30 DEBUG 9424 --- [           main] org.hibernate.type.BasicTypeRegistry     : Adding type registration materialized_blob_wrapper -> org.hibernate.type.BasicTypeReference@53eba4b8
2024-02-01T12:51:40.173+05:30 DEBUG 9424 --- [           main] org.hibernate.type.BasicTypeRegistry     : Adding type registration short -> org.hibernate.type.BasicTypeReference@437bd805
2024-02-01T12:51:40.173+05:30 DEBUG 9424 --- [           main] org.hibernate.type.BasicTypeRegistry     : Adding type registration short -> org.hibernate.type.BasicTypeReference@437bd805
2024-02-01T12:51:40.173+05:30 DEBUG 9424 --- [           main] org.hibernate.type.BasicTypeRegistry     : Adding type registration java.lang.Short -> org.hibernate.type.BasicTypeReference@437bd805
2024-02-01T12:51:40.173+05:30 DEBUG 9424 --- [           main] org.hibernate.type.BasicTypeRegistry     : Adding type registration integer -> org.hibernate.type.BasicTypeReference@4b88ca8e
2024-02-01T12:51:40.173+05:30 DEBUG 9424 --- [           main] org.hibernate.type.BasicTypeRegistry     : Adding type registration int -> org.hibernate.type.BasicTypeReference@4b88ca8e
2024-02-01T12:51:40.173+05:30 DEBUG 9424 --- [           main] org.hibernate.type.BasicTypeRegistry     : Adding type registration java.lang.Integer -> org.hibernate.type.BasicTypeReference@4b88ca8e
2024-02-01T12:51:40.173+05:30 DEBUG 9424 --- [           main] org.hibernate.type.BasicTypeRegistry     : Adding type registration long -> org.hibernate.type.BasicTypeReference@6fa02932
2024-02-01T12:51:40.173+05:30 DEBUG 9424 --- [           main] org.hibernate.type.BasicTypeRegistry     : Adding type registration long -> org.hibernate.type.BasicTypeReference@6fa02932
2024-02-01T12:51:40.173+05:30 DEBUG 9424 --- [           main] org.hibernate.type.BasicTypeRegistry     : Adding type registration java.lang.Long -> org.hibernate.type.BasicTypeReference@6fa02932
2024-02-01T12:51:40.173+05:30 DEBUG 9424 --- [           main] org.hibernate.type.BasicTypeRegistry     : Adding type registration float -> org.hibernate.type.BasicTypeReference@61608e1a
2024-02-01T12:51:40.173+05:30 DEBUG 9424 --- [           main] org.hibernate.type.BasicTypeRegistry     : Adding type registration float -> org.hibernate.type.BasicTypeReference@61608e1a
2024-02-01T12:51:40.173+05:30 DEBUG 9424 --- [           main] org.hibernate.type.BasicTypeRegistry     : Adding type registration java.lang.Float -> org.hibernate.type.BasicTypeReference@61608e1a
2024-02-01T12:51:40.173+05:30 DEBUG 9424 --- [           main] org.hibernate.type.BasicTypeRegistry     : Adding type registration double -> org.hibernate.type.BasicTypeReference@7c46c9c3
2024-02-01T12:51:40.173+05:30 DEBUG 9424 --- [           main] org.hibernate.type.BasicTypeRegistry     : Adding type registration double -> org.hibernate.type.BasicTypeReference@7c46c9c3
2024-02-01T12:51:40.173+05:30 DEBUG 9424 --- [           main] org.hibernate.type.BasicTypeRegistry     : Adding type registration java.lang.Double -> org.hibernate.type.BasicTypeReference@7c46c9c3
2024-02-01T12:51:40.173+05:30 DEBUG 9424 --- [           main] org.hibernate.type.BasicTypeRegistry     : Adding type registration big_integer -> org.hibernate.type.BasicTypeReference@7197b07f
2024-02-01T12:51:40.173+05:30 DEBUG 9424 --- [           main] org.hibernate.type.BasicTypeRegistry     : Adding type registration java.math.BigInteger -> org.hibernate.type.BasicTypeReference@7197b07f
2024-02-01T12:51:40.173+05:30 DEBUG 9424 --- [           main] org.hibernate.type.BasicTypeRegistry     : Adding type registration big_decimal -> org.hibernate.type.BasicTypeReference@1f10fec6
2024-02-01T12:51:40.173+05:30 DEBUG 9424 --- [           main] org.hibernate.type.BasicTypeRegistry     : Adding type registration java.math.BigDecimal -> org.hibernate.type.BasicTypeReference@1f10fec6
2024-02-01T12:51:40.175+05:30 DEBUG 9424 --- [           main] org.hibernate.type.BasicTypeRegistry     : Adding type registration character -> org.hibernate.type.BasicTypeReference@7a65a360
2024-02-01T12:51:40.175+05:30 DEBUG 9424 --- [           main] org.hibernate.type.BasicTypeRegistry     : Adding type registration char -> org.hibernate.type.BasicTypeReference@7a65a360
2024-02-01T12:51:40.175+05:30 DEBUG 9424 --- [           main] org.hibernate.type.BasicTypeRegistry     : Adding type registration java.lang.Character -> org.hibernate.type.BasicTypeReference@7a65a360
2024-02-01T12:51:40.175+05:30 DEBUG 9424 --- [           main] org.hibernate.type.BasicTypeRegistry     : Adding type registration character_nchar -> org.hibernate.type.BasicTypeReference@30a7653e
2024-02-01T12:51:40.175+05:30 DEBUG 9424 --- [           main] org.hibernate.type.BasicTypeRegistry     : Adding type registration string -> org.hibernate.type.BasicTypeReference@7cff3f1d
2024-02-01T12:51:40.175+05:30 DEBUG 9424 --- [           main] org.hibernate.type.BasicTypeRegistry     : Adding type registration java.lang.String -> org.hibernate.type.BasicTypeReference@7cff3f1d
2024-02-01T12:51:40.175+05:30 DEBUG 9424 --- [           main] org.hibernate.type.BasicTypeRegistry     : Adding type registration nstring -> org.hibernate.type.BasicTypeReference@6401188a
2024-02-01T12:51:40.175+05:30 DEBUG 9424 --- [           main] org.hibernate.type.BasicTypeRegistry     : Adding type registration characters -> org.hibernate.type.BasicTypeReference@33a8c9c9
2024-02-01T12:51:40.175+05:30 DEBUG 9424 --- [           main] org.hibernate.type.BasicTypeRegistry     : Adding type registration char[] -> org.hibernate.type.BasicTypeReference@33a8c9c9
2024-02-01T12:51:40.175+05:30 DEBUG 9424 --- [           main] org.hibernate.type.BasicTypeRegistry     : Adding type registration [C -> org.hibernate.type.BasicTypeReference@33a8c9c9
2024-02-01T12:51:40.175+05:30 DEBUG 9424 --- [           main] org.hibernate.type.BasicTypeRegistry     : Adding type registration wrapper-characters -> org.hibernate.type.BasicTypeReference@382dc417
2024-02-01T12:51:40.175+05:30 DEBUG 9424 --- [           main] org.hibernate.type.BasicTypeRegistry     : Adding type registration text -> org.hibernate.type.BasicTypeReference@3daf03d8
2024-02-01T12:51:40.175+05:30 DEBUG 9424 --- [           main] org.hibernate.type.BasicTypeRegistry     : Adding type registration ntext -> org.hibernate.type.BasicTypeReference@510689af
2024-02-01T12:51:40.175+05:30 DEBUG 9424 --- [           main] org.hibernate.type.BasicTypeRegistry     : Adding type registration clob -> org.hibernate.type.BasicTypeReference@2415e4c7
2024-02-01T12:51:40.175+05:30 DEBUG 9424 --- [           main] org.hibernate.type.BasicTypeRegistry     : Adding type registration java.sql.Clob -> org.hibernate.type.BasicTypeReference@2415e4c7
2024-02-01T12:51:40.176+05:30 DEBUG 9424 --- [           main] org.hibernate.type.BasicTypeRegistry     : Adding type registration nclob -> org.hibernate.type.BasicTypeReference@72ce812e
2024-02-01T12:51:40.176+05:30 DEBUG 9424 --- [           main] org.hibernate.type.BasicTypeRegistry     : Adding type registration java.sql.NClob -> org.hibernate.type.BasicTypeReference@72ce812e
2024-02-01T12:51:40.176+05:30 DEBUG 9424 --- [           main] org.hibernate.type.BasicTypeRegistry     : Adding type registration materialized_clob -> org.hibernate.type.BasicTypeReference@373afd6c
2024-02-01T12:51:40.176+05:30 DEBUG 9424 --- [           main] org.hibernate.type.BasicTypeRegistry     : Adding type registration materialized_clob_char_array -> org.hibernate.type.BasicTypeReference@521441d5
2024-02-01T12:51:40.176+05:30 DEBUG 9424 --- [           main] org.hibernate.type.BasicTypeRegistry     : Adding type registration materialized_clob_character_array -> org.hibernate.type.BasicTypeReference@592ca48c
2024-02-01T12:51:40.176+05:30 DEBUG 9424 --- [           main] org.hibernate.type.BasicTypeRegistry     : Adding type registration materialized_nclob -> org.hibernate.type.BasicTypeReference@5fed9976
2024-02-01T12:51:40.176+05:30 DEBUG 9424 --- [           main] org.hibernate.type.BasicTypeRegistry     : Adding type registration materialized_nclob_character_array -> org.hibernate.type.BasicTypeReference@3fdcde7a
2024-02-01T12:51:40.176+05:30 DEBUG 9424 --- [           main] org.hibernate.type.BasicTypeRegistry     : Adding type registration materialized_nclob_char_array -> org.hibernate.type.BasicTypeReference@4f363abd
2024-02-01T12:51:40.176+05:30 DEBUG 9424 --- [           main] org.hibernate.type.BasicTypeRegistry     : Adding type registration Duration -> org.hibernate.type.BasicTypeReference@7302ff13
2024-02-01T12:51:40.176+05:30 DEBUG 9424 --- [           main] org.hibernate.type.BasicTypeRegistry     : Adding type registration java.time.Duration -> org.hibernate.type.BasicTypeReference@7302ff13
2024-02-01T12:51:40.176+05:30 DEBUG 9424 --- [           main] org.hibernate.type.BasicTypeRegistry     : Adding type registration LocalDateTime -> org.hibernate.type.BasicTypeReference@4017fe2c
2024-02-01T12:51:40.176+05:30 DEBUG 9424 --- [           main] org.hibernate.type.BasicTypeRegistry     : Adding type registration java.time.LocalDateTime -> org.hibernate.type.BasicTypeReference@4017fe2c
2024-02-01T12:51:40.176+05:30 DEBUG 9424 --- [           main] org.hibernate.type.BasicTypeRegistry     : Adding type registration LocalDate -> org.hibernate.type.BasicTypeReference@1961d75a
2024-02-01T12:51:40.177+05:30 DEBUG 9424 --- [           main] org.hibernate.type.BasicTypeRegistry     : Adding type registration java.time.LocalDate -> org.hibernate.type.BasicTypeReference@1961d75a
2024-02-01T12:51:40.177+05:30 DEBUG 9424 --- [           main] org.hibernate.type.BasicTypeRegistry     : Adding type registration LocalTime -> org.hibernate.type.BasicTypeReference@677ce519
2024-02-01T12:51:40.177+05:30 DEBUG 9424 --- [           main] org.hibernate.type.BasicTypeRegistry     : Adding type registration java.time.LocalTime -> org.hibernate.type.BasicTypeReference@677ce519
2024-02-01T12:51:40.177+05:30 DEBUG 9424 --- [           main] org.hibernate.type.BasicTypeRegistry     : Adding type registration OffsetDateTime -> org.hibernate.type.BasicTypeReference@3e26482
2024-02-01T12:51:40.177+05:30 DEBUG 9424 --- [           main] org.hibernate.type.BasicTypeRegistry     : Adding type registration java.time.OffsetDateTime -> org.hibernate.type.BasicTypeReference@3e26482
2024-02-01T12:51:40.177+05:30 DEBUG 9424 --- [           main] org.hibernate.type.BasicTypeRegistry     : Adding type registration OffsetDateTimeWithTimezone -> org.hibernate.type.BasicTypeReference@7cfb0c4c
2024-02-01T12:51:40.177+05:30 DEBUG 9424 --- [           main] org.hibernate.type.BasicTypeRegistry     : Adding type registration OffsetDateTimeWithoutTimezone -> org.hibernate.type.BasicTypeReference@6b37df8e
2024-02-01T12:51:40.177+05:30 DEBUG 9424 --- [           main] org.hibernate.type.BasicTypeRegistry     : Adding type registration OffsetTime -> org.hibernate.type.BasicTypeReference@6b63abdc
2024-02-01T12:51:40.177+05:30 DEBUG 9424 --- [           main] org.hibernate.type.BasicTypeRegistry     : Adding type registration java.time.OffsetTime -> org.hibernate.type.BasicTypeReference@6b63abdc
2024-02-01T12:51:40.177+05:30 DEBUG 9424 --- [           main] org.hibernate.type.BasicTypeRegistry     : Adding type registration OffsetTimeUtc -> org.hibernate.type.BasicTypeReference@7b351446
2024-02-01T12:51:40.178+05:30 DEBUG 9424 --- [           main] org.hibernate.type.BasicTypeRegistry     : Adding type registration OffsetTimeWithTimezone -> org.hibernate.type.BasicTypeReference@5f08fe00
2024-02-01T12:51:40.178+05:30 DEBUG 9424 --- [           main] org.hibernate.type.BasicTypeRegistry     : Adding type registration OffsetTimeWithoutTimezone -> org.hibernate.type.BasicTypeReference@a1691c0
2024-02-01T12:51:40.178+05:30 DEBUG 9424 --- [           main] org.hibernate.type.BasicTypeRegistry     : Adding type registration ZonedDateTime -> org.hibernate.type.BasicTypeReference@7c5df615
2024-02-01T12:51:40.178+05:30 DEBUG 9424 --- [           main] org.hibernate.type.BasicTypeRegistry     : Adding type registration java.time.ZonedDateTime -> org.hibernate.type.BasicTypeReference@7c5df615
2024-02-01T12:51:40.178+05:30 DEBUG 9424 --- [           main] org.hibernate.type.BasicTypeRegistry     : Adding type registration ZonedDateTimeWithTimezone -> org.hibernate.type.BasicTypeReference@2f995afc
2024-02-01T12:51:40.178+05:30 DEBUG 9424 --- [           main] org.hibernate.type.BasicTypeRegistry     : Adding type registration ZonedDateTimeWithoutTimezone -> org.hibernate.type.BasicTypeReference@377949f1
2024-02-01T12:51:40.178+05:30 DEBUG 9424 --- [           main] org.hibernate.type.BasicTypeRegistry     : Adding type registration date -> org.hibernate.type.BasicTypeReference@9df564f
2024-02-01T12:51:40.178+05:30 DEBUG 9424 --- [           main] org.hibernate.type.BasicTypeRegistry     : Adding type registration java.sql.Date -> org.hibernate.type.BasicTypeReference@9df564f
2024-02-01T12:51:40.178+05:30 DEBUG 9424 --- [           main] org.hibernate.type.BasicTypeRegistry     : Adding type registration time -> org.hibernate.type.BasicTypeReference@1a21f43f
2024-02-01T12:51:40.179+05:30 DEBUG 9424 --- [           main] org.hibernate.type.BasicTypeRegistry     : Adding type registration java.sql.Time -> org.hibernate.type.BasicTypeReference@1a21f43f
2024-02-01T12:51:40.179+05:30 DEBUG 9424 --- [           main] org.hibernate.type.BasicTypeRegistry     : Adding type registration timestamp -> org.hibernate.type.BasicTypeReference@7f0a133d
2024-02-01T12:51:40.179+05:30 DEBUG 9424 --- [           main] org.hibernate.type.BasicTypeRegistry     : Adding type registration java.sql.Timestamp -> org.hibernate.type.BasicTypeReference@7f0a133d
2024-02-01T12:51:40.179+05:30 DEBUG 9424 --- [           main] org.hibernate.type.BasicTypeRegistry     : Adding type registration java.util.Date -> org.hibernate.type.BasicTypeReference@7f0a133d
2024-02-01T12:51:40.179+05:30 DEBUG 9424 --- [           main] org.hibernate.type.BasicTypeRegistry     : Adding type registration calendar -> org.hibernate.type.BasicTypeReference@241fbec
2024-02-01T12:51:40.179+05:30 DEBUG 9424 --- [           main] org.hibernate.type.BasicTypeRegistry     : Adding type registration java.util.Calendar -> org.hibernate.type.BasicTypeReference@241fbec
2024-02-01T12:51:40.179+05:30 DEBUG 9424 --- [           main] org.hibernate.type.BasicTypeRegistry     : Adding type registration java.util.GregorianCalendar -> org.hibernate.type.BasicTypeReference@241fbec
2024-02-01T12:51:40.179+05:30 DEBUG 9424 --- [           main] org.hibernate.type.BasicTypeRegistry     : Adding type registration calendar_date -> org.hibernate.type.BasicTypeReference@715fa8c5
2024-02-01T12:51:40.179+05:30 DEBUG 9424 --- [           main] org.hibernate.type.BasicTypeRegistry     : Adding type registration calendar_time -> org.hibernate.type.BasicTypeReference@644a3add
2024-02-01T12:51:40.179+05:30 DEBUG 9424 --- [           main] org.hibernate.type.BasicTypeRegistry     : Adding type registration instant -> org.hibernate.type.BasicTypeReference@4b765e92
2024-02-01T12:51:40.179+05:30 DEBUG 9424 --- [           main] org.hibernate.type.BasicTypeRegistry     : Adding type registration java.time.Instant -> org.hibernate.type.BasicTypeReference@4b765e92
2024-02-01T12:51:40.179+05:30 DEBUG 9424 --- [           main] org.hibernate.type.BasicTypeRegistry     : Adding type registration uuid -> org.hibernate.type.BasicTypeReference@4665428b
2024-02-01T12:51:40.179+05:30 DEBUG 9424 --- [           main] org.hibernate.type.BasicTypeRegistry     : Adding type registration java.util.UUID -> org.hibernate.type.BasicTypeReference@4665428b
2024-02-01T12:51:40.179+05:30 DEBUG 9424 --- [           main] org.hibernate.type.BasicTypeRegistry     : Adding type registration pg-uuid -> org.hibernate.type.BasicTypeReference@4665428b
2024-02-01T12:51:40.179+05:30 DEBUG 9424 --- [           main] org.hibernate.type.BasicTypeRegistry     : Adding type registration uuid-binary -> org.hibernate.type.BasicTypeReference@4a70d302
2024-02-01T12:51:40.180+05:30 DEBUG 9424 --- [           main] org.hibernate.type.BasicTypeRegistry     : Adding type registration uuid-char -> org.hibernate.type.BasicTypeReference@7fd99443
2024-02-01T12:51:40.180+05:30 DEBUG 9424 --- [           main] org.hibernate.type.BasicTypeRegistry     : Adding type registration class -> org.hibernate.type.BasicTypeReference@622d7e4
2024-02-01T12:51:40.180+05:30 DEBUG 9424 --- [           main] org.hibernate.type.BasicTypeRegistry     : Adding type registration java.lang.Class -> org.hibernate.type.BasicTypeReference@622d7e4
2024-02-01T12:51:40.180+05:30 DEBUG 9424 --- [           main] org.hibernate.type.BasicTypeRegistry     : Adding type registration currency -> org.hibernate.type.BasicTypeReference@6a3fbcb1
2024-02-01T12:51:40.180+05:30 DEBUG 9424 --- [           main] org.hibernate.type.BasicTypeRegistry     : Adding type registration Currency -> org.hibernate.type.BasicTypeReference@6a3fbcb1
2024-02-01T12:51:40.180+05:30 DEBUG 9424 --- [           main] org.hibernate.type.BasicTypeRegistry     : Adding type registration java.util.Currency -> org.hibernate.type.BasicTypeReference@6a3fbcb1
2024-02-01T12:51:40.180+05:30 DEBUG 9424 --- [           main] org.hibernate.type.BasicTypeRegistry     : Adding type registration locale -> org.hibernate.type.BasicTypeReference@261b9a37
2024-02-01T12:51:40.180+05:30 DEBUG 9424 --- [           main] org.hibernate.type.BasicTypeRegistry     : Adding type registration java.util.Locale -> org.hibernate.type.BasicTypeReference@261b9a37
2024-02-01T12:51:40.180+05:30 DEBUG 9424 --- [           main] org.hibernate.type.BasicTypeRegistry     : Adding type registration serializable -> org.hibernate.type.BasicTypeReference@15d3793b
2024-02-01T12:51:40.180+05:30 DEBUG 9424 --- [           main] org.hibernate.type.BasicTypeRegistry     : Adding type registration java.io.Serializable -> org.hibernate.type.BasicTypeReference@15d3793b
2024-02-01T12:51:40.180+05:30 DEBUG 9424 --- [           main] org.hibernate.type.BasicTypeRegistry     : Adding type registration timezone -> org.hibernate.type.BasicTypeReference@55e1192
2024-02-01T12:51:40.180+05:30 DEBUG 9424 --- [           main] org.hibernate.type.BasicTypeRegistry     : Adding type registration java.util.TimeZone -> org.hibernate.type.BasicTypeReference@55e1192
2024-02-01T12:51:40.180+05:30 DEBUG 9424 --- [           main] org.hibernate.type.BasicTypeRegistry     : Adding type registration ZoneOffset -> org.hibernate.type.BasicTypeReference@1213ffbc
2024-02-01T12:51:40.180+05:30 DEBUG 9424 --- [           main] org.hibernate.type.BasicTypeRegistry     : Adding type registration java.time.ZoneOffset -> org.hibernate.type.BasicTypeReference@1213ffbc
2024-02-01T12:51:40.180+05:30 DEBUG 9424 --- [           main] org.hibernate.type.BasicTypeRegistry     : Adding type registration url -> org.hibernate.type.BasicTypeReference@68a305eb
2024-02-01T12:51:40.180+05:30 DEBUG 9424 --- [           main] org.hibernate.type.BasicTypeRegistry     : Adding type registration java.net.URL -> org.hibernate.type.BasicTypeReference@68a305eb
2024-02-01T12:51:40.180+05:30 DEBUG 9424 --- [           main] org.hibernate.type.BasicTypeRegistry     : Adding type registration vector -> org.hibernate.type.BasicTypeReference@6637a365
2024-02-01T12:51:40.180+05:30 DEBUG 9424 --- [           main] org.hibernate.type.BasicTypeRegistry     : Adding type registration row_version -> org.hibernate.type.BasicTypeReference@1310fcb0
2024-02-01T12:51:40.186+05:30 DEBUG 9424 --- [           main] org.hibernate.type.BasicTypeRegistry     : Adding type registration object -> org.hibernate.type.JavaObjectType@15e1f8fe
2024-02-01T12:51:40.186+05:30 DEBUG 9424 --- [           main] org.hibernate.type.BasicTypeRegistry     : Adding type registration java.lang.Object -> org.hibernate.type.JavaObjectType@15e1f8fe
2024-02-01T12:51:40.187+05:30 DEBUG 9424 --- [           main] org.hibernate.type.BasicTypeRegistry     : Adding type registration null -> org.hibernate.type.NullType@4aebee4b
2024-02-01T12:51:40.187+05:30 DEBUG 9424 --- [           main] org.hibernate.type.BasicTypeRegistry     : Adding type registration imm_date -> org.hibernate.type.BasicTypeReference@18d47df0
2024-02-01T12:51:40.188+05:30 DEBUG 9424 --- [           main] org.hibernate.type.BasicTypeRegistry     : Adding type registration imm_time -> org.hibernate.type.BasicTypeReference@28393e82
2024-02-01T12:51:40.188+05:30 DEBUG 9424 --- [           main] org.hibernate.type.BasicTypeRegistry     : Adding type registration imm_timestamp -> org.hibernate.type.BasicTypeReference@697a0948
2024-02-01T12:51:40.188+05:30 DEBUG 9424 --- [           main] org.hibernate.type.BasicTypeRegistry     : Adding type registration imm_calendar -> org.hibernate.type.BasicTypeReference@7cf63b9a
2024-02-01T12:51:40.188+05:30 DEBUG 9424 --- [           main] org.hibernate.type.BasicTypeRegistry     : Adding type registration imm_calendar_date -> org.hibernate.type.BasicTypeReference@4776e209
2024-02-01T12:51:40.188+05:30 DEBUG 9424 --- [           main] org.hibernate.type.BasicTypeRegistry     : Adding type registration imm_calendar_time -> org.hibernate.type.BasicTypeReference@265a094b
2024-02-01T12:51:40.188+05:30 DEBUG 9424 --- [           main] org.hibernate.type.BasicTypeRegistry     : Adding type registration imm_binary -> org.hibernate.type.BasicTypeReference@1f536481
2024-02-01T12:51:40.188+05:30 DEBUG 9424 --- [           main] org.hibernate.type.BasicTypeRegistry     : Adding type registration imm_serializable -> org.hibernate.type.BasicTypeReference@5234b61a
2024-02-01T12:51:40.193+05:30 DEBUG 9424 --- [           main] o.h.boot.internal.BootstrapContextImpl   : Injecting JPA temp ClassLoader [org.springframework.instrument.classloading.SimpleThrowawayClassLoader@110e9982] into BootstrapContext; was [null]
2024-02-01T12:51:40.193+05:30 DEBUG 9424 --- [           main] o.h.boot.internal.ClassLoaderAccessImpl  : ClassLoaderAccessImpl#injectTempClassLoader(org.springframework.instrument.classloading.SimpleThrowawayClassLoader@110e9982) [was null]
2024-02-01T12:51:40.194+05:30 DEBUG 9424 --- [           main] o.h.boot.internal.BootstrapContextImpl   : Injecting ScanEnvironment [org.hibernate.jpa.boot.internal.StandardJpaScanEnvironmentImpl@59018eed] into BootstrapContext; was [null]
2024-02-01T12:51:40.194+05:30 DEBUG 9424 --- [           main] o.h.boot.internal.BootstrapContextImpl   : Injecting ScanOptions [org.hibernate.boot.archive.scan.internal.StandardScanOptions@2ee39e73] into BootstrapContext; was [org.hibernate.boot.archive.scan.internal.StandardScanOptions@76973a6]
2024-02-01T12:51:40.212+05:30 DEBUG 9424 --- [           main] o.h.b.i.BytecodeProviderInitiator        : HHH000021: Bytecode provider: bytebuddy
2024-02-01T12:51:40.434+05:30  INFO 9424 --- [           main] o.s.o.j.p.SpringPersistenceUnitInfo      : No LoadTimeWeaver setup: ignoring JPA class transformer
2024-02-01T12:51:40.436+05:30 DEBUG 9424 --- [           main] o.h.boot.internal.BootstrapContextImpl   : Injecting JPA temp ClassLoader [null] into BootstrapContext; was [org.springframework.instrument.classloading.SimpleThrowawayClassLoader@110e9982]
2024-02-01T12:51:40.439+05:30 DEBUG 9424 --- [           main] o.h.boot.internal.ClassLoaderAccessImpl  : ClassLoaderAccessImpl#injectTempClassLoader(null) [was org.springframework.instrument.classloading.SimpleThrowawayClassLoader@110e9982]
2024-02-01T12:51:40.503+05:30 DEBUG 9424 --- [           main] com.zaxxer.hikari.HikariConfig           : HikariPool-1 - configuration:
2024-02-01T12:51:40.513+05:30 DEBUG 9424 --- [           main] com.zaxxer.hikari.HikariConfig           : allowPoolSuspension.............false
2024-02-01T12:51:40.514+05:30 DEBUG 9424 --- [           main] com.zaxxer.hikari.HikariConfig           : autoCommit......................true
2024-02-01T12:51:40.514+05:30 DEBUG 9424 --- [           main] com.zaxxer.hikari.HikariConfig           : catalog.........................none
2024-02-01T12:51:40.514+05:30 DEBUG 9424 --- [           main] com.zaxxer.hikari.HikariConfig           : connectionInitSql...............none
2024-02-01T12:51:40.514+05:30 DEBUG 9424 --- [           main] com.zaxxer.hikari.HikariConfig           : connectionTestQuery.............none
2024-02-01T12:51:40.515+05:30 DEBUG 9424 --- [           main] com.zaxxer.hikari.HikariConfig           : connectionTimeout...............30000
2024-02-01T12:51:40.515+05:30 DEBUG 9424 --- [           main] com.zaxxer.hikari.HikariConfig           : dataSource......................none
2024-02-01T12:51:40.515+05:30 DEBUG 9424 --- [           main] com.zaxxer.hikari.HikariConfig           : dataSourceClassName.............none
2024-02-01T12:51:40.515+05:30 DEBUG 9424 --- [           main] com.zaxxer.hikari.HikariConfig           : dataSourceJNDI..................none
2024-02-01T12:51:40.516+05:30 DEBUG 9424 --- [           main] com.zaxxer.hikari.HikariConfig           : dataSourceProperties............{password=<masked>}
2024-02-01T12:51:40.516+05:30 DEBUG 9424 --- [           main] com.zaxxer.hikari.HikariConfig           : driverClassName................."com.mysql.cj.jdbc.Driver"
2024-02-01T12:51:40.517+05:30 DEBUG 9424 --- [           main] com.zaxxer.hikari.HikariConfig           : exceptionOverrideClassName......none
2024-02-01T12:51:40.517+05:30 DEBUG 9424 --- [           main] com.zaxxer.hikari.HikariConfig           : healthCheckProperties...........{}
2024-02-01T12:51:40.517+05:30 DEBUG 9424 --- [           main] com.zaxxer.hikari.HikariConfig           : healthCheckRegistry.............none
2024-02-01T12:51:40.517+05:30 DEBUG 9424 --- [           main] com.zaxxer.hikari.HikariConfig           : idleTimeout.....................600000
2024-02-01T12:51:40.517+05:30 DEBUG 9424 --- [           main] com.zaxxer.hikari.HikariConfig           : initializationFailTimeout.......1
2024-02-01T12:51:40.518+05:30 DEBUG 9424 --- [           main] com.zaxxer.hikari.HikariConfig           : isolateInternalQueries..........false
2024-02-01T12:51:40.518+05:30 DEBUG 9424 --- [           main] com.zaxxer.hikari.HikariConfig           : jdbcUrl.........................jdbc:mysql://localhost:3306/inventorydb?useSSL=false&createDatabaseIfNotExist=true&allowPublicKeyRetrieval=true
2024-02-01T12:51:40.519+05:30 DEBUG 9424 --- [           main] com.zaxxer.hikari.HikariConfig           : keepaliveTime...................0
2024-02-01T12:51:40.519+05:30 DEBUG 9424 --- [           main] com.zaxxer.hikari.HikariConfig           : leakDetectionThreshold..........0
2024-02-01T12:51:40.519+05:30 DEBUG 9424 --- [           main] com.zaxxer.hikari.HikariConfig           : maxLifetime.....................1800000
2024-02-01T12:51:40.519+05:30 DEBUG 9424 --- [           main] com.zaxxer.hikari.HikariConfig           : maximumPoolSize.................10
2024-02-01T12:51:40.519+05:30 DEBUG 9424 --- [           main] com.zaxxer.hikari.HikariConfig           : metricRegistry..................none
2024-02-01T12:51:40.519+05:30 DEBUG 9424 --- [           main] com.zaxxer.hikari.HikariConfig           : metricsTrackerFactory...........none
2024-02-01T12:51:40.519+05:30 DEBUG 9424 --- [           main] com.zaxxer.hikari.HikariConfig           : minimumIdle.....................10
2024-02-01T12:51:40.519+05:30 DEBUG 9424 --- [           main] com.zaxxer.hikari.HikariConfig           : password........................<masked>
2024-02-01T12:51:40.520+05:30 DEBUG 9424 --- [           main] com.zaxxer.hikari.HikariConfig           : poolName........................"HikariPool-1"
2024-02-01T12:51:40.522+05:30 DEBUG 9424 --- [           main] com.zaxxer.hikari.HikariConfig           : readOnly........................false
2024-02-01T12:51:40.524+05:30 DEBUG 9424 --- [           main] com.zaxxer.hikari.HikariConfig           : registerMbeans..................false
2024-02-01T12:51:40.531+05:30 DEBUG 9424 --- [           main] com.zaxxer.hikari.HikariConfig           : scheduledExecutor...............none
2024-02-01T12:51:40.533+05:30 DEBUG 9424 --- [           main] com.zaxxer.hikari.HikariConfig           : schema..........................none
2024-02-01T12:51:40.533+05:30 DEBUG 9424 --- [           main] com.zaxxer.hikari.HikariConfig           : threadFactory...................internal
2024-02-01T12:51:40.533+05:30 DEBUG 9424 --- [           main] com.zaxxer.hikari.HikariConfig           : transactionIsolation............default
2024-02-01T12:51:40.533+05:30 DEBUG 9424 --- [           main] com.zaxxer.hikari.HikariConfig           : username........................"springstudent"
2024-02-01T12:51:40.534+05:30 DEBUG 9424 --- [           main] com.zaxxer.hikari.HikariConfig           : validationTimeout...............5000
2024-02-01T12:51:40.535+05:30  INFO 9424 --- [           main] com.zaxxer.hikari.HikariDataSource       : HikariPool-1 - Starting...
2024-02-01T12:51:40.860+05:30  INFO 9424 --- [           main] com.zaxxer.hikari.pool.HikariPool        : HikariPool-1 - Added connection com.mysql.cj.jdbc.ConnectionImpl@1c00d406
2024-02-01T12:51:40.865+05:30  INFO 9424 --- [           main] com.zaxxer.hikari.HikariDataSource       : HikariPool-1 - Start completed.
2024-02-01T12:51:40.873+05:30 DEBUG 9424 --- [           main] o.h.e.j.e.i.JdbcEnvironmentInitiator     : Database ->
       name : MySQL
    version : 8.0.33
      major : 8
      minor : 0
2024-02-01T12:51:40.874+05:30 DEBUG 9424 --- [           main] o.h.e.j.e.i.JdbcEnvironmentInitiator     : Driver ->
       name : MySQL Connector/J
    version : mysql-connector-j-8.1.0 (Revision: 7b6f9a337afe6ccb41823df485bf848ca7952b09)
      major : 8
      minor : 1
2024-02-01T12:51:40.874+05:30 DEBUG 9424 --- [           main] o.h.e.j.e.i.JdbcEnvironmentInitiator     : JDBC version : 4.2
2024-02-01T12:51:40.940+05:30  WARN 9424 --- [           main] org.hibernate.orm.deprecation            : HHH90000025: MySQL8Dialect does not need to be specified explicitly using 'hibernate.dialect' (remove the property setting and it will be selected by default)
2024-02-01T12:51:40.941+05:30 DEBUG 9424 --- [           main] org.hibernate.orm.dialect                : HHH035001: Using dialect: org.hibernate.dialect.MySQL8Dialect, version: 8.0
2024-02-01T12:51:40.941+05:30  WARN 9424 --- [           main] org.hibernate.orm.deprecation            : HHH90000026: MySQL8Dialect has been deprecated; use org.hibernate.dialect.MySQLDialect instead
2024-02-01T12:51:40.949+05:30 DEBUG 9424 --- [           main] o.h.e.j.env.spi.IdentifierHelperBuilder  : JDBC driver metadata reported database stores quoted identifiers in more than one case
2024-02-01T12:51:40.949+05:30 DEBUG 9424 --- [           main] o.h.e.j.env.spi.IdentifierHelperBuilder  : IdentifierCaseStrategy for both quoted and unquoted identifiers was set to the same strategy [LOWER]; that will likely lead to problems in schema update and validation if using quoted identifiers
2024-02-01T12:51:40.965+05:30 DEBUG 9424 --- [           main] o.h.t.d.sql.spi.DdlTypeRegistry          : addDescriptor(12, org.hibernate.type.descriptor.sql.internal.CapacityDependentDdlType@1fb6b8fb) replaced previous registration(org.hibernate.type.descriptor.sql.internal.CapacityDependentDdlType@149d7cc6)
2024-02-01T12:51:40.966+05:30 DEBUG 9424 --- [           main] o.h.t.d.sql.spi.DdlTypeRegistry          : addDescriptor(-9, org.hibernate.type.descriptor.sql.internal.CapacityDependentDdlType@1a10c47e) replaced previous registration(org.hibernate.type.descriptor.sql.internal.CapacityDependentDdlType@d49e8c6)
2024-02-01T12:51:40.966+05:30 DEBUG 9424 --- [           main] o.h.t.d.sql.spi.DdlTypeRegistry          : addDescriptor(-3, org.hibernate.type.descriptor.sql.internal.CapacityDependentDdlType@2712e8f4) replaced previous registration(org.hibernate.type.descriptor.sql.internal.CapacityDependentDdlType@5896cb9c)
2024-02-01T12:51:40.966+05:30 DEBUG 9424 --- [           main] o.h.t.d.sql.spi.DdlTypeRegistry          : addDescriptor(4003, org.hibernate.type.descriptor.sql.internal.DdlTypeImpl@44b9c7c4) replaced previous registration(org.hibernate.type.descriptor.sql.internal.DdlTypeImpl@674184d)
2024-02-01T12:51:40.966+05:30 DEBUG 9424 --- [           main] o.h.t.d.sql.spi.DdlTypeRegistry          : addDescriptor(4001, org.hibernate.type.descriptor.sql.internal.DdlTypeImpl@3611153f) replaced previous registration(org.hibernate.type.descriptor.sql.internal.DdlTypeImpl@5835e24a)
2024-02-01T12:51:40.966+05:30 DEBUG 9424 --- [           main] o.h.t.d.sql.spi.DdlTypeRegistry          : addDescriptor(4002, org.hibernate.type.descriptor.sql.internal.DdlTypeImpl@5238896f) replaced previous registration(org.hibernate.type.descriptor.sql.internal.DdlTypeImpl@74a85515)
2024-02-01T12:51:40.966+05:30 DEBUG 9424 --- [           main] o.h.t.d.sql.spi.DdlTypeRegistry          : addDescriptor(2004, org.hibernate.type.descriptor.sql.internal.CapacityDependentDdlType@4a2e1e52) replaced previous registration(org.hibernate.type.descriptor.sql.internal.DdlTypeImpl@3dfe92ef)
2024-02-01T12:51:40.967+05:30 DEBUG 9424 --- [           main] o.h.t.d.sql.spi.DdlTypeRegistry          : addDescriptor(2005, org.hibernate.type.descriptor.sql.internal.CapacityDependentDdlType@2b9b17ce) replaced previous registration(org.hibernate.type.descriptor.sql.internal.DdlTypeImpl@1d2def55)
2024-02-01T12:51:40.967+05:30 DEBUG 9424 --- [           main] o.h.t.d.sql.spi.DdlTypeRegistry          : addDescriptor(2011, org.hibernate.type.descriptor.sql.internal.CapacityDependentDdlType@274bae2c) replaced previous registration(org.hibernate.type.descriptor.sql.internal.DdlTypeImpl@6eeb29c0)
2024-02-01T12:51:40.967+05:30 DEBUG 9424 --- [           main] o.h.t.d.jdbc.spi.JdbcTypeRegistry        : addDescriptor(NCharTypeDescriptor) replaced previous registration(CharTypeDescriptor)
2024-02-01T12:51:40.967+05:30 DEBUG 9424 --- [           main] o.h.t.d.jdbc.spi.JdbcTypeRegistry        : addDescriptor(NVarcharTypeDescriptor) replaced previous registration(VarcharTypeDescriptor)
2024-02-01T12:51:40.968+05:30 DEBUG 9424 --- [           main] o.h.t.d.jdbc.spi.JdbcTypeRegistry        : addDescriptor(LongNVarcharTypeDescriptor) replaced previous registration(LongVarcharTypeDescriptor)
2024-02-01T12:51:40.970+05:30 DEBUG 9424 --- [           main] o.h.t.d.jdbc.spi.JdbcTypeRegistry        : addDescriptor(NClobTypeDescriptor(DEFAULT)) replaced previous registration(ClobTypeDescriptor(DEFAULT))
2024-02-01T12:51:40.970+05:30 DEBUG 9424 --- [           main] o.h.t.d.jdbc.spi.JdbcTypeRegistry        : addDescriptor(2005, ClobTypeDescriptor(STREAM_BINDING)) replaced previous registration(ClobTypeDescriptor(DEFAULT))
2024-02-01T12:51:40.972+05:30 DEBUG 9424 --- [           main] org.hibernate.type.BasicTypeRegistry     : Adding type registration null -> org.hibernate.type.NullType@166ce247
2024-02-01T12:51:40.972+05:30 DEBUG 9424 --- [           main] org.hibernate.type.BasicTypeRegistry     : Type registration key [null] overrode previous entry : `org.hibernate.type.NullType@4aebee4b`
2024-02-01T12:51:40.974+05:30 DEBUG 9424 --- [           main] org.hibernate.type.BasicTypeRegistry     : Adding type registration org.hibernate.type.DurationType -> basicType@1(java.time.Duration,2)
2024-02-01T12:51:40.974+05:30 DEBUG 9424 --- [           main] org.hibernate.type.BasicTypeRegistry     : Adding type registration Duration -> basicType@1(java.time.Duration,2)
2024-02-01T12:51:40.974+05:30 DEBUG 9424 --- [           main] org.hibernate.type.BasicTypeRegistry     : Adding type registration java.time.Duration -> basicType@1(java.time.Duration,2)
2024-02-01T12:51:40.975+05:30 DEBUG 9424 --- [l-1 housekeeper] com.zaxxer.hikari.pool.HikariPool        : HikariPool-1 - Pool stats (total=1, active=0, idle=1, waiting=0)
2024-02-01T12:51:40.977+05:30 DEBUG 9424 --- [           main] org.hibernate.type.BasicTypeRegistry     : Adding type registration org.hibernate.type.OffsetDateTimeType -> basicType@2(java.time.OffsetDateTime,3003)
2024-02-01T12:51:40.978+05:30 DEBUG 9424 --- [           main] org.hibernate.type.BasicTypeRegistry     : Adding type registration OffsetDateTime -> basicType@2(java.time.OffsetDateTime,3003)
2024-02-01T12:51:40.978+05:30 DEBUG 9424 --- [           main] org.hibernate.type.BasicTypeRegistry     : Adding type registration java.time.OffsetDateTime -> basicType@2(java.time.OffsetDateTime,3003)
2024-02-01T12:51:40.978+05:30 DEBUG 9424 --- [           main] org.hibernate.type.BasicTypeRegistry     : Adding type registration org.hibernate.type.ZonedDateTimeType -> basicType@3(java.time.ZonedDateTime,3003)
2024-02-01T12:51:40.978+05:30 DEBUG 9424 --- [           main] org.hibernate.type.BasicTypeRegistry     : Adding type registration ZonedDateTime -> basicType@3(java.time.ZonedDateTime,3003)
2024-02-01T12:51:40.978+05:30 DEBUG 9424 --- [           main] org.hibernate.type.BasicTypeRegistry     : Adding type registration java.time.ZonedDateTime -> basicType@3(java.time.ZonedDateTime,3003)
2024-02-01T12:51:40.978+05:30 DEBUG 9424 --- [           main] org.hibernate.type.BasicTypeRegistry     : Adding type registration org.hibernate.type.OffsetTimeType -> basicType@4(java.time.OffsetTime,3007)
2024-02-01T12:51:40.979+05:30 DEBUG 9424 --- [           main] org.hibernate.type.BasicTypeRegistry     : Adding type registration OffsetTime -> basicType@4(java.time.OffsetTime,3007)
2024-02-01T12:51:40.979+05:30 DEBUG 9424 --- [           main] org.hibernate.type.BasicTypeRegistry     : Adding type registration java.time.OffsetTime -> basicType@4(java.time.OffsetTime,3007)
2024-02-01T12:51:40.980+05:30 DEBUG 9424 --- [           main] o.h.type.spi.TypeConfiguration$Scope     : Scoping TypeConfiguration [org.hibernate.type.spi.TypeConfiguration@4e4d0a0b] to MetadataBuildingContext [org.hibernate.boot.internal.MetadataBuildingContextRootImpl@1a4083f6]
2024-02-01T12:51:40.980+05:30 DEBUG 9424 --- [onnection adder] com.zaxxer.hikari.pool.HikariPool        : HikariPool-1 - Added connection com.mysql.cj.jdbc.ConnectionImpl@28967e35
2024-02-01T12:51:40.998+05:30 DEBUG 9424 --- [onnection adder] com.zaxxer.hikari.pool.HikariPool        : HikariPool-1 - Added connection com.mysql.cj.jdbc.ConnectionImpl@69ab740e
2024-02-01T12:51:41.029+05:30 DEBUG 9424 --- [onnection adder] com.zaxxer.hikari.pool.HikariPool        : HikariPool-1 - Added connection com.mysql.cj.jdbc.ConnectionImpl@5888d9d5
2024-02-01T12:51:41.035+05:30 DEBUG 9424 --- [           main] o.h.boot.model.relational.Namespace      : Created database namespace [logicalName=Name{catalog=null, schema=null}, physicalName=Name{catalog=null, schema=null}]
2024-02-01T12:51:41.056+05:30 DEBUG 9424 --- [onnection adder] com.zaxxer.hikari.pool.HikariPool        : HikariPool-1 - Added connection com.mysql.cj.jdbc.ConnectionImpl@9848b41
2024-02-01T12:51:41.063+05:30 DEBUG 9424 --- [           main] o.h.boot.model.internal.EntityBinder     : Binding entity from annotated class: com.electrowaveselectronics.inventorymanagement.entity.Customer
2024-02-01T12:51:41.069+05:30 DEBUG 9424 --- [           main] o.h.boot.model.internal.EntityBinder     : Import with entity name Customer
2024-02-01T12:51:41.073+05:30 DEBUG 9424 --- [onnection adder] com.zaxxer.hikari.pool.HikariPool        : HikariPool-1 - Added connection com.mysql.cj.jdbc.ConnectionImpl@77ca760f
2024-02-01T12:51:41.075+05:30 DEBUG 9424 --- [           main] o.h.boot.model.internal.EntityBinder     : Bind entity com.electrowaveselectronics.inventorymanagement.entity.Customer on table customer
2024-02-01T12:51:41.083+05:30 DEBUG 9424 --- [           main] o.h.boot.model.internal.AnnotatedColumn  : Binding column: AnnotatedDiscriminatorColumn(column='DTYPE')
2024-02-01T12:51:41.091+05:30 DEBUG 9424 --- [onnection adder] com.zaxxer.hikari.pool.HikariPool        : HikariPool-1 - Added connection com.mysql.cj.jdbc.ConnectionImpl@dca766c
2024-02-01T12:51:41.119+05:30 DEBUG 9424 --- [           main] o.h.boot.model.internal.AnnotatedColumn  : Binding column: AnnotatedColumn(column='customer_id')
2024-02-01T12:51:41.122+05:30 DEBUG 9424 --- [onnection adder] com.zaxxer.hikari.pool.HikariPool        : HikariPool-1 - Added connection com.mysql.cj.jdbc.ConnectionImpl@52996f91
2024-02-01T12:51:41.124+05:30 DEBUG 9424 --- [           main] o.h.boot.internal.ClassLoaderAccessImpl  : Not known whether passed class name [com.electrowaveselectronics.inventorymanagement.entity.Customer] is safe
2024-02-01T12:51:41.124+05:30 DEBUG 9424 --- [           main] o.h.boot.internal.ClassLoaderAccessImpl  : No temp ClassLoader provided; using live ClassLoader for loading potentially unsafe class : com.electrowaveselectronics.inventorymanagement.entity.Customer
2024-02-01T12:51:41.129+05:30 DEBUG 9424 --- [           main] o.h.boot.model.internal.PropertyBinder   : MetadataSourceProcessor property customerId with lazy=false
2024-02-01T12:51:41.135+05:30 DEBUG 9424 --- [           main] o.h.b.m.internal.AbstractPropertyHolder  : Attempting to locate auto-apply AttributeConverter for property [com.electrowaveselectronics.inventorymanagement.entity.Customer:customerId]
2024-02-01T12:51:41.148+05:30 DEBUG 9424 --- [           main] o.h.b.model.internal.BasicValueBinder    : building BasicValue for customerId
2024-02-01T12:51:41.155+05:30 DEBUG 9424 --- [onnection adder] com.zaxxer.hikari.pool.HikariPool        : HikariPool-1 - Added connection com.mysql.cj.jdbc.ConnectionImpl@6593be80
2024-02-01T12:51:41.159+05:30 DEBUG 9424 --- [           main] org.hibernate.mapping.BasicValue         : Skipping column re-registration: customer.customer_id
2024-02-01T12:51:41.163+05:30 DEBUG 9424 --- [           main] o.h.boot.model.internal.PropertyBinder   : Building property customerId
2024-02-01T12:51:41.168+05:30 DEBUG 9424 --- [           main] o.h.boot.model.internal.BinderHelper     : #makeIdGenerator(BasicValue([Column(customer_id)]), customerId, identity, , ...)
2024-02-01T12:51:41.171+05:30 DEBUG 9424 --- [           main] o.h.boot.model.internal.AnnotatedColumn  : Binding column: AnnotatedColumn(column='customer_address')
2024-02-01T12:51:41.171+05:30 DEBUG 9424 --- [           main] o.h.boot.model.internal.PropertyBinder   : MetadataSourceProcessor property customerAddress with lazy=false
2024-02-01T12:51:41.171+05:30 DEBUG 9424 --- [           main] o.h.b.m.internal.AbstractPropertyHolder  : Attempting to locate auto-apply AttributeConverter for property [com.electrowaveselectronics.inventorymanagement.entity.Customer:customerAddress]
2024-02-01T12:51:41.171+05:30 DEBUG 9424 --- [           main] o.h.b.model.internal.BasicValueBinder    : building BasicValue for customerAddress
2024-02-01T12:51:41.173+05:30 DEBUG 9424 --- [           main] org.hibernate.mapping.BasicValue         : Skipping column re-registration: customer.customer_address
2024-02-01T12:51:41.173+05:30 DEBUG 9424 --- [           main] o.h.boot.model.internal.PropertyBinder   : Building property customerAddress
2024-02-01T12:51:41.174+05:30 DEBUG 9424 --- [           main] o.h.boot.model.internal.AnnotatedColumn  : Binding column: AnnotatedColumn(column='customer_name')
2024-02-01T12:51:41.175+05:30 DEBUG 9424 --- [           main] o.h.boot.model.internal.PropertyBinder   : MetadataSourceProcessor property customerName with lazy=false
2024-02-01T12:51:41.180+05:30 DEBUG 9424 --- [           main] o.h.b.m.internal.AbstractPropertyHolder  : Attempting to locate auto-apply AttributeConverter for property [com.electrowaveselectronics.inventorymanagement.entity.Customer:customerName]
2024-02-01T12:51:41.181+05:30 DEBUG 9424 --- [           main] o.h.b.model.internal.BasicValueBinder    : building BasicValue for customerName
2024-02-01T12:51:41.181+05:30 DEBUG 9424 --- [           main] org.hibernate.mapping.BasicValue         : Skipping column re-registration: customer.customer_name
2024-02-01T12:51:41.181+05:30 DEBUG 9424 --- [           main] o.h.boot.model.internal.PropertyBinder   : Building property customerName
2024-02-01T12:51:41.181+05:30 DEBUG 9424 --- [           main] o.h.boot.model.internal.AnnotatedColumn  : Binding column: AnnotatedColumn(column='customer_number')
2024-02-01T12:51:41.182+05:30 DEBUG 9424 --- [           main] o.h.boot.model.internal.PropertyBinder   : MetadataSourceProcessor property customerNo with lazy=false
2024-02-01T12:51:41.182+05:30 DEBUG 9424 --- [           main] o.h.b.m.internal.AbstractPropertyHolder  : Attempting to locate auto-apply AttributeConverter for property [com.electrowaveselectronics.inventorymanagement.entity.Customer:customerNo]
2024-02-01T12:51:41.182+05:30 DEBUG 9424 --- [           main] o.h.b.model.internal.BasicValueBinder    : building BasicValue for customerNo
2024-02-01T12:51:41.184+05:30 DEBUG 9424 --- [           main] org.hibernate.mapping.BasicValue         : Skipping column re-registration: customer.customer_number
2024-02-01T12:51:41.184+05:30 DEBUG 9424 --- [           main] o.h.boot.model.internal.PropertyBinder   : Building property customerNo
2024-02-01T12:51:41.187+05:30 DEBUG 9424 --- [           main] o.h.b.r.c.i.ClassLoaderServiceImpl       : HHH000194: Package not found or wo package-info.java: com.electrowaveselectronics.inventorymanagement.entity
2024-02-01T12:51:41.192+05:30 DEBUG 9424 --- [onnection adder] com.zaxxer.hikari.pool.HikariPool        : HikariPool-1 - Added connection com.mysql.cj.jdbc.ConnectionImpl@324c0dbf
2024-02-01T12:51:41.197+05:30 DEBUG 9424 --- [           main] o.h.boot.model.internal.EntityBinder     : Binding entity from annotated class: com.electrowaveselectronics.inventorymanagement.entity.DeliveryOrder
2024-02-01T12:51:41.198+05:30 DEBUG 9424 --- [           main] o.h.boot.model.internal.EntityBinder     : Import with entity name DeliveryOrder
2024-02-01T12:51:41.198+05:30 DEBUG 9424 --- [           main] o.h.boot.model.internal.EntityBinder     : Bind entity com.electrowaveselectronics.inventorymanagement.entity.DeliveryOrder on table delivery_order
2024-02-01T12:51:41.199+05:30 DEBUG 9424 --- [           main] o.h.boot.model.internal.AnnotatedColumn  : Binding column: AnnotatedDiscriminatorColumn(column='DTYPE')
2024-02-01T12:51:41.205+05:30 DEBUG 9424 --- [           main] o.h.boot.model.internal.AnnotatedColumn  : Binding column: AnnotatedColumn(column='order_id')
2024-02-01T12:51:41.205+05:30 DEBUG 9424 --- [           main] o.h.boot.internal.ClassLoaderAccessImpl  : Not known whether passed class name [com.electrowaveselectronics.inventorymanagement.entity.DeliveryOrder] is safe
[...]
      Did not match:
         - @ConditionalOnClass did not find required class 'org.apache.pulsar.client.api.PulsarClient' (OnClassCondition)

   QuartzAutoConfiguration:
      Did not match:
         - @ConditionalOnClass did not find required class 'org.quartz.Scheduler' (OnClassCondition)

   R2dbcAutoConfiguration:
      Did not match:
         - @ConditionalOnClass did not find required class 'io.r2dbc.spi.ConnectionFactory' (OnClassCondition)

   R2dbcDataAutoConfiguration:
      Did not match:
         - @ConditionalOnClass did not find required class 'org.springframework.data.r2dbc.core.R2dbcEntityTemplate' (OnClassCondition)

   R2dbcInitializationConfiguration:
      Did not match:
         - @ConditionalOnClass did not find required classes 'io.r2dbc.spi.ConnectionFactory', 'org.springframework.r2dbc.connection.init.DatabasePopulator' (OnClassCondition)

   R2dbcRepositoriesAutoConfiguration:
      Did not match:
         - @ConditionalOnClass did not find required class 'io.r2dbc.spi.ConnectionFactory' (OnClassCondition)

   R2dbcTransactionManagerAutoConfiguration:
      Did not match:
         - @ConditionalOnClass did not find required class 'org.springframework.r2dbc.connection.R2dbcTransactionManager' (OnClassCondition)

   RSocketGraphQlClientAutoConfiguration:
      Did not match:
         - @ConditionalOnClass did not find required class 'graphql.GraphQL' (OnClassCondition)

   RSocketMessagingAutoConfiguration:
      Did not match:
         - @ConditionalOnClass did not find required class 'io.rsocket.RSocket' (OnClassCondition)

   RSocketRequesterAutoConfiguration:
      Did not match:
         - @ConditionalOnClass did not find required class 'io.rsocket.RSocket' (OnClassCondition)

   RSocketSecurityAutoConfiguration:
      Did not match:
         - @ConditionalOnClass did not find required class 'org.springframework.security.rsocket.core.SecuritySocketAcceptorInterceptor' (OnClassCondition)

   RSocketServerAutoConfiguration:
      Did not match:
         - @ConditionalOnClass did not find required class 'io.rsocket.core.RSocketServer' (OnClassCondition)

   RSocketStrategiesAutoConfiguration:
      Did not match:
         - @ConditionalOnClass did not find required class 'io.netty.buffer.PooledByteBufAllocator' (OnClassCondition)

   RabbitAutoConfiguration:
      Did not match:
         - @ConditionalOnClass did not find required class 'com.rabbitmq.client.Channel' (OnClassCondition)

   ReactiveElasticsearchClientAutoConfiguration:
      Did not match:
         - @ConditionalOnClass did not find required class 'co.elastic.clients.transport.ElasticsearchTransport' (OnClassCondition)

   ReactiveElasticsearchRepositoriesAutoConfiguration:
      Did not match:
         - @ConditionalOnClass did not find required class 'org.springframework.data.elasticsearch.client.elc.ReactiveElasticsearchClient' (OnClassCondition)

   ReactiveMultipartAutoConfiguration:
      Did not match:
         - @ConditionalOnClass did not find required class 'org.springframework.web.reactive.config.WebFluxConfigurer' (OnClassCondition)

   ReactiveOAuth2ClientAutoConfiguration:
      Did not match:
         - @ConditionalOnClass did not find required class 'reactor.core.publisher.Flux' (OnClassCondition)

   ReactiveOAuth2ResourceServerAutoConfiguration:
      Did not match:
         - @ConditionalOnClass did not find required class 'org.springframework.security.config.annotation.web.reactive.EnableWebFluxSecurity' (OnClassCondition)

   ReactiveSecurityAutoConfiguration:
      Did not match:
         - @ConditionalOnClass did not find required class 'reactor.core.publisher.Flux' (OnClassCondition)

   ReactiveUserDetailsServiceAutoConfiguration:
      Did not match:
         - @ConditionalOnClass did not find required class 'org.springframework.security.authentication.ReactiveAuthenticationManager' (OnClassCondition)

   ReactiveWebServerFactoryAutoConfiguration:
      Did not match:
         - @ConditionalOnWebApplication did not find reactive web application classes (OnWebApplicationCondition)

   ReactorAutoConfiguration:
      Did not match:
         - @ConditionalOnClass did not find required class 'reactor.core.publisher.Hooks' (OnClassCondition)

   RedisAutoConfiguration:
      Did not match:
         - @ConditionalOnClass did not find required class 'org.springframework.data.redis.core.RedisOperations' (OnClassCondition)

   RedisCacheConfiguration:
      Did not match:
         - @ConditionalOnClass did not find required class 'org.springframework.data.redis.connection.RedisConnectionFactory' (OnClassCondition)

   RedisReactiveAutoConfiguration:
      Did not match:
         - @ConditionalOnClass did not find required class 'reactor.core.publisher.Flux' (OnClassCondition)

   RedisRepositoriesAutoConfiguration:
      Did not match:
         - @ConditionalOnClass did not find required class 'org.springframework.data.redis.repository.configuration.EnableRedisRepositories' (OnClassCondition)

   RemoteDevToolsAutoConfiguration:
      Did not match:
         - @ConditionalOnProperty (spring.devtools.remote.secret) did not find property 'secret' (OnPropertyCondition)
      Matched:
         - @ConditionalOnClass found required classes 'jakarta.servlet.Filter', 'org.springframework.http.server.ServerHttpRequest' (OnClassCondition)

   RepositoryRestMvcAutoConfiguration:
      Did not match:
         - @ConditionalOnClass did not find required class 'org.springframework.data.rest.webmvc.config.RepositoryRestMvcConfiguration' (OnClassCondition)

   Saml2RelyingPartyAutoConfiguration:
      Did not match:
         - @ConditionalOnClass did not find required class 'org.springframework.security.saml2.provider.service.registration.RelyingPartyRegistrationRepository' (OnClassCondition)

   SecurityAutoConfiguration:
      Did not match:
         - @ConditionalOnClass did not find required class 'org.springframework.security.authentication.DefaultAuthenticationEventPublisher' (OnClassCondition)

   SecurityFilterAutoConfiguration:
      Did not match:
         - @ConditionalOnClass did not find required class 'org.springframework.security.config.http.SessionCreationPolicy' (OnClassCondition)

   SendGridAutoConfiguration:
      Did not match:
         - @ConditionalOnClass did not find required class 'com.sendgrid.SendGrid' (OnClassCondition)

   ServletWebServerFactoryAutoConfiguration.ForwardedHeaderFilterConfiguration:
      Did not match:
         - @ConditionalOnProperty (server.forward-headers-strategy=framework) did not find property 'server.forward-headers-strategy' (OnPropertyCondition)

   ServletWebServerFactoryConfiguration.EmbeddedJetty:
      Did not match:
         - @ConditionalOnClass did not find required classes 'org.eclipse.jetty.server.Server', 'org.eclipse.jetty.util.Loader', 'org.eclipse.jetty.ee10.webapp.WebAppContext' (OnClassCondition)

   ServletWebServerFactoryConfiguration.EmbeddedUndertow:
      Did not match:
         - @ConditionalOnClass did not find required classes 'io.undertow.Undertow', 'org.xnio.SslClientAuthMode' (OnClassCondition)

   SessionAutoConfiguration:
      Did not match:
         - @ConditionalOnClass did not find required class 'org.springframework.session.Session' (OnClassCondition)

   SpringApplicationAdminJmxAutoConfiguration:
      Did not match:
         - @ConditionalOnProperty (spring.application.admin.enabled=true) did not find property 'enabled' (OnPropertyCondition)

   TaskExecutorConfigurations.SimpleAsyncTaskExecutorBuilderConfiguration#simpleAsyncTaskExecutorBuilderVirtualThreads:
      Did not match:
         - @ConditionalOnMissingBean (types: org.springframework.boot.task.SimpleAsyncTaskExecutorBuilder; SearchStrategy: all) found beans of type 'org.springframework.boot.task.SimpleAsyncTaskExecutorBuilder' simpleAsyncTaskExecutorBuilder (OnBeanCondition)

   TaskExecutorConfigurations.TaskExecutorConfiguration#applicationTaskExecutorVirtualThreads:
      Did not match:
         - @ConditionalOnThreading did not find VIRTUAL (OnThreadingCondition)

   TaskSchedulingAutoConfiguration#scheduledBeanLazyInitializationExcludeFilter:
      Did not match:
         - @ConditionalOnBean (names: org.springframework.context.annotation.internalScheduledAnnotationProcessor; SearchStrategy: all) did not find any beans named org.springframework.context.annotation.internalScheduledAnnotationProcessor (OnBeanCondition)

   TaskSchedulingConfigurations.SimpleAsyncTaskSchedulerBuilderConfiguration#simpleAsyncTaskSchedulerBuilderVirtualThreads:
      Did not match:
         - @ConditionalOnMissingBean (types: org.springframework.boot.task.SimpleAsyncTaskSchedulerBuilder; SearchStrategy: all) found beans of type 'org.springframework.boot.task.SimpleAsyncTaskSchedulerBuilder' simpleAsyncTaskSchedulerBuilder (OnBeanCondition)

   TaskSchedulingConfigurations.TaskSchedulerConfiguration:
      Did not match:
         - @ConditionalOnBean (names: org.springframework.context.annotation.internalScheduledAnnotationProcessor; SearchStrategy: all) did not find any beans named org.springframework.context.annotation.internalScheduledAnnotationProcessor (OnBeanCondition)

   ThymeleafAutoConfiguration:
      Did not match:
         - @ConditionalOnClass did not find required class 'org.thymeleaf.spring6.SpringTemplateEngine' (OnClassCondition)

   TransactionAutoConfiguration#transactionalOperator:
      Did not match:
         - @ConditionalOnSingleCandidate (types: org.springframework.transaction.ReactiveTransactionManager; SearchStrategy: all) did not find any beans (OnBeanCondition)

   TransactionAutoConfiguration.AspectJTransactionManagementConfiguration:
      Did not match:
         - @ConditionalOnBean (types: org.springframework.transaction.aspectj.AbstractTransactionAspect; SearchStrategy: all) did not find any beans of type org.springframework.transaction.aspectj.AbstractTransactionAspect (OnBeanCondition)

   TransactionAutoConfiguration.EnableTransactionManagementConfiguration.JdkDynamicAutoProxyConfiguration:
      Did not match:
         - @ConditionalOnProperty (spring.aop.proxy-target-class=false) did not find property 'proxy-target-class' (OnPropertyCondition)

   UserDetailsServiceAutoConfiguration:
      Did not match:
         - @ConditionalOnClass did not find required class 'org.springframework.security.authentication.AuthenticationManager' (OnClassCondition)

   ValidationAutoConfiguration:
      Did not match:
         - @ConditionalOnClass did not find required class 'jakarta.validation.executable.ExecutableValidator' (OnClassCondition)

   WebClientAutoConfiguration:
      Did not match:
         - @ConditionalOnClass did not find required class 'org.springframework.web.reactive.function.client.WebClient' (OnClassCondition)

   WebFluxAutoConfiguration:
      Did not match:
         - @ConditionalOnClass did not find required class 'org.springframework.web.reactive.config.WebFluxConfigurer' (OnClassCondition)

   WebMvcAutoConfiguration#hiddenHttpMethodFilter:
      Did not match:
         - @ConditionalOnProperty (spring.mvc.hiddenmethod.filter.enabled) did not find property 'enabled' (OnPropertyCondition)

   WebMvcAutoConfiguration.ProblemDetailsErrorHandlingConfiguration:
      Did not match:
         - @ConditionalOnProperty (spring.mvc.problemdetails.enabled=true) did not find property 'enabled' (OnPropertyCondition)

   WebMvcAutoConfiguration.ResourceChainCustomizerConfiguration:
      Did not match:
         - @ConditionalOnEnabledResourceChain did not find class org.webjars.WebJarAssetLocator (OnEnabledResourceChainCondition)

   WebMvcAutoConfiguration.WebMvcAutoConfigurationAdapter#beanNameViewResolver:
      Did not match:
         - @ConditionalOnMissingBean (types: org.springframework.web.servlet.view.BeanNameViewResolver; SearchStrategy: all) found beans of type 'org.springframework.web.servlet.view.BeanNameViewResolver' beanNameViewResolver (OnBeanCondition)

   WebServiceTemplateAutoConfiguration:
      Did not match:
         - @ConditionalOnClass did not find required class 'org.springframework.oxm.Marshaller' (OnClassCondition)

   WebServicesAutoConfiguration:
      Did not match:
         - @ConditionalOnClass did not find required class 'org.springframework.ws.transport.http.MessageDispatcherServlet' (OnClassCondition)

   WebSessionIdResolverAutoConfiguration:
      Did not match:
         - @ConditionalOnClass did not find required class 'reactor.core.publisher.Mono' (OnClassCondition)

   WebSocketMessagingAutoConfiguration:
      Did not match:
         - @ConditionalOnClass did not find required class 'org.springframework.web.socket.config.annotation.WebSocketMessageBrokerConfigurer' (OnClassCondition)

   WebSocketReactiveAutoConfiguration:
      Did not match:
         - @ConditionalOnWebApplication did not find reactive web application classes (OnWebApplicationCondition)

   WebSocketServletAutoConfiguration.JettyWebSocketConfiguration:
      Did not match:
         - @ConditionalOnClass did not find required class 'org.eclipse.jetty.ee10.websocket.jakarta.server.config.JakartaWebSocketServletContainerInitializer' (OnClassCondition)

   WebSocketServletAutoConfiguration.UndertowWebSocketConfiguration:
      Did not match:
         - @ConditionalOnClass did not find required class 'io.undertow.websockets.jsr.Bootstrap' (OnClassCondition)

   XADataSourceAutoConfiguration:
      Did not match:
         - @ConditionalOnBean (types: org.springframework.boot.jdbc.XADataSourceWrapper; SearchStrategy: all) did not find any beans of type org.springframework.boot.jdbc.XADataSourceWrapper (OnBeanCondition)
      Matched:
         - @ConditionalOnClass found required classes 'javax.sql.DataSource', 'jakarta.transaction.TransactionManager', 'org.springframework.jdbc.datasource.embedded.EmbeddedDatabaseType' (OnClassCondition)


Exclusions:
-----------

    None


Unconditional classes:
----------------------

    org.springframework.boot.autoconfigure.context.ConfigurationPropertiesAutoConfiguration

    org.springframework.boot.autoconfigure.ssl.SslAutoConfiguration

    org.springframework.boot.autoconfigure.context.LifecycleAutoConfiguration

    org.springframework.boot.autoconfigure.context.PropertyPlaceholderAutoConfiguration

    org.springframework.boot.autoconfigure.availability.ApplicationAvailabilityAutoConfiguration

    org.springframework.boot.autoconfigure.info.ProjectInfoAutoConfiguration



2024-02-01T12:51:45.195+05:30  INFO 9424 --- [           main] .e.i.InventorymanagementApplicationTests : Started InventorymanagementApplicationTests in 7.85 seconds (process running for 10.084)
2024-02-01T12:51:45.197+05:30 DEBUG 9424 --- [           main] o.s.b.a.ApplicationAvailabilityBean      : Application availability state LivenessState changed to CORRECT
2024-02-01T12:51:45.201+05:30 DEBUG 9424 --- [           main] o.s.boot.devtools.restart.Restarter      : Creating new Restarter for thread Thread[main,5,main]
2024-02-01T12:51:45.201+05:30 DEBUG 9424 --- [           main] o.s.b.a.ApplicationAvailabilityBean      : Application availability state ReadinessState changed to ACCEPTING_TRAFFIC
2024-02-01T12:51:45.204+05:30 DEBUG 9424 --- [           main] org.springframework.test.context.cache   : Spring test ApplicationContext cache statistics: [DefaultContextCache@d884e9a size = 1, maxSize = 32, parentContextCount = 0, hitCount = 0, missCount = 1, failureCount = 0]
2024-02-01T12:51:45.204+05:30 DEBUG 9424 --- [           main] o.s.t.c.w.ServletTestExecutionListener   : Setting up MockHttpServletRequest, MockHttpServletResponse, ServletWebRequest, and RequestContextHolder for test class com.electrowaveselectronics.inventorymanagement.InventorymanagementApplicationTests
2024-02-01T12:51:45.226+05:30 DEBUG 9424 --- [           main] DependencyInjectionTestExecutionListener : Performing dependency injection for test class com.electrowaveselectronics.inventorymanagement.InventorymanagementApplicationTests
2024-02-01T12:51:45.226+05:30 DEBUG 9424 --- [           main] org.springframework.test.context.cache   : Spring test ApplicationContext cache statistics: [DefaultContextCache@d884e9a size = 1, maxSize = 32, parentContextCount = 0, hitCount = 1, missCount = 1, failureCount = 0]
2024-02-01T12:51:45.229+05:30 DEBUG 9424 --- [           main] org.springframework.test.context.cache   : Spring test ApplicationContext cache statistics: [DefaultContextCache@d884e9a size = 1, maxSize = 32, parentContextCount = 0, hitCount = 2, missCount = 1, failureCount = 0]
2024-02-01T12:51:45.260+05:30 DEBUG 9424 --- [           main] sContextBeforeModesTestExecutionListener : Before test method: class [InventorymanagementApplicationTests], method [contextLoads], class annotated with @DirtiesContext [false] with mode [null], method annotated with @DirtiesContext [false] with mode [null]
2024-02-01T12:51:45.279+05:30 DEBUG 9424 --- [           main] org.springframework.test.context.cache   : Spring test ApplicationContext cache statistics: [DefaultContextCache@d884e9a size = 1, maxSize = 32, parentContextCount = 0, hitCount = 3, missCount = 1, failureCount = 0]
2024-02-01T12:51:45.280+05:30 DEBUG 9424 --- [           main] org.springframework.test.context.cache   : Spring test ApplicationContext cache statistics: [DefaultContextCache@d884e9a size = 1, maxSize = 32, parentContextCount = 0, hitCount = 4, missCount = 1, failureCount = 0]
2024-02-01T12:51:45.824+05:30 DEBUG 9424 --- [           main] org.springframework.test.context.cache   : Spring test ApplicationContext cache statistics: [DefaultContextCache@d884e9a size = 1, maxSize = 32, parentContextCount = 0, hitCount = 5, missCount = 1, failureCount = 0]
2024-02-01T12:51:45.831+05:30 DEBUG 9424 --- [           main] org.springframework.test.context.cache   : Spring test ApplicationContext cache statistics: [DefaultContextCache@d884e9a size = 1, maxSize = 32, parentContextCount = 0, hitCount = 6, missCount = 1, failureCount = 0]
2024-02-01T12:51:45.832+05:30 DEBUG 9424 --- [           main] org.springframework.test.context.cache   : Spring test ApplicationContext cache statistics: [DefaultContextCache@d884e9a size = 1, maxSize = 32, parentContextCount = 0, hitCount = 7, missCount = 1, failureCount = 0]
2024-02-01T12:51:45.832+05:30 DEBUG 9424 --- [           main] org.springframework.test.context.cache   : Spring test ApplicationContext cache statistics: [DefaultContextCache@d884e9a size = 1, maxSize = 32, parentContextCount = 0, hitCount = 8, missCount = 1, failureCount = 0]
2024-02-01T12:51:45.833+05:30 DEBUG 9424 --- [           main] org.springframework.test.context.cache   : Spring test ApplicationContext cache statistics: [DefaultContextCache@d884e9a size = 1, maxSize = 32, parentContextCount = 0, hitCount = 9, missCount = 1, failureCount = 0]
2024-02-01T12:51:45.834+05:30 DEBUG 9424 --- [           main] org.springframework.test.context.cache   : Spring test ApplicationContext cache statistics: [DefaultContextCache@d884e9a size = 1, maxSize = 32, parentContextCount = 0, hitCount = 10, missCount = 1, failureCount = 0]
2024-02-01T12:51:45.837+05:30 DEBUG 9424 --- [           main] org.springframework.test.context.cache   : Spring test ApplicationContext cache statistics: [DefaultContextCache@d884e9a size = 1, maxSize = 32, parentContextCount = 0, hitCount = 11, missCount = 1, failureCount = 0]
2024-02-01T12:51:45.837+05:30 DEBUG 9424 --- [           main] .c.s.DirtiesContextTestExecutionListener : After test method: class [InventorymanagementApplicationTests], method [contextLoads], class annotated with @DirtiesContext [false] with mode [null], method annotated with @DirtiesContext [false] with mode [null]
2024-02-01T12:51:45.837+05:30 DEBUG 9424 --- [           main] o.s.t.c.w.ServletTestExecutionListener   : Resetting RequestContextHolder for test class com.electrowaveselectronics.inventorymanagement.InventorymanagementApplicationTests
]]></system-out>
  </testcase>
</testsuite>